TACC: Setting memory limits for job 1117973 to 31876710 KB
TACC: Dumping job script:
--------------------------------------------------------------------------------
#!/bin/bash

#$   -q development
#$   -V
#$   -cwd
#$   -pe 1way 16
#$   -l h_rt=0:05:00

#$   -j y
#$   -N papirun_assoc
#$   -o $JOB_NAME.oe$JOB_ID
#$   -e $JOB_NAME.oe$JOB_ID

#$ -A A-ccsc

module load papi
./assoc 

--------------------------------------------------------------------------------
TACC: Done.
Run: 1,2048
shifted
m,n=1,2048
#elements:	2048
Tot cycles: 25028
L1 misses:	128
misses per accumulation:	  0.06250

Run: 1,4096
shifted
m,n=1,4096
#elements:	4096
Tot cycles: 40766
L1 misses:	146
misses per accumulation:	  0.03564

Run: 1,8192
shifted
m,n=1,8192
#elements:	8192
Tot cycles: 79974
L1 misses:	196
misses per accumulation:	  0.02393

Run: 1,16384
shifted
m,n=1,16384
#elements:	16384
Tot cycles: 154700
L1 misses:	164
misses per accumulation:	  0.01001

Run: 2,2048
shifted
m,n=2,2048
#elements:	4096
Tot cycles: 28115
L1 misses:	41
misses per accumulation:	  0.02002

Run: 2,4096
shifted
m,n=2,4096
#elements:	8192
Tot cycles: 80852
L1 misses:	560
misses per accumulation:	  0.13672

Run: 2,8192
shifted
m,n=2,8192
#elements:	16384
Tot cycles: 160339
L1 misses:	1119
misses per accumulation:	  0.13660

Run: 2,16384
shifted
m,n=2,16384
#elements:	32768
Tot cycles: 324036
L1 misses:	2216
misses per accumulation:	  0.13525

Run: 3,2048
shifted
m,n=3,2048
#elements:	6144
Tot cycles: 39871
L1 misses:	71
misses per accumulation:	  0.03467

Run: 3,4096
shifted
m,n=3,4096
#elements:	12288
Tot cycles: 104693
L1 misses:	580
misses per accumulation:	  0.14160

Run: 3,8192
shifted
m,n=3,8192
#elements:	24576
Tot cycles: 209223
L1 misses:	1158
misses per accumulation:	  0.14136

Run: 3,16384
shifted
m,n=3,16384
#elements:	49152
Tot cycles: 426860
L1 misses:	2290
misses per accumulation:	  0.13977

Run: 4,2048
shifted
m,n=4,2048
#elements:	8192
Tot cycles: 43686
L1 misses:	82
misses per accumulation:	  0.04004

Run: 4,4096
shifted
m,n=4,4096
#elements:	16384
Tot cycles: 104071
L1 misses:	609
misses per accumulation:	  0.14868

Run: 4,8192
shifted
m,n=4,8192
#elements:	32768
Tot cycles: 203124
L1 misses:	1216
misses per accumulation:	  0.14844

Run: 4,16384
shifted
m,n=4,16384
#elements:	65536
Tot cycles: 445911
L1 misses:	2363
misses per accumulation:	  0.14423

Run: 5,2048
shifted
m,n=5,2048
#elements:	10240
Tot cycles: 55510
L1 misses:	96
misses per accumulation:	  0.04688

Run: 5,4096
shifted
m,n=5,4096
#elements:	20480
Tot cycles: 120526
L1 misses:	647
misses per accumulation:	  0.15796

Run: 5,8192
shifted
m,n=5,8192
#elements:	40960
Tot cycles: 246701
L1 misses:	1269
misses per accumulation:	  0.15491

Run: 5,16384
shifted
m,n=5,16384
#elements:	81920
Tot cycles: 546005
L1 misses:	2483
misses per accumulation:	  0.15155

Run: 6,2048
shifted
m,n=6,2048
#elements:	12288
Tot cycles: 60470
L1 misses:	114
misses per accumulation:	  0.05566

Run: 6,4096
shifted
m,n=6,4096
#elements:	24576
Tot cycles: 142764
L1 misses:	698
misses per accumulation:	  0.17041

Run: 6,8192
shifted
m,n=6,8192
#elements:	49152
Tot cycles: 285805
L1 misses:	1374
misses per accumulation:	  0.16772

Run: 6,16384
shifted
m,n=6,16384
#elements:	98304
Tot cycles: 655253
L1 misses:	2713
misses per accumulation:	  0.16559

Run: 7,2048
shifted
m,n=7,2048
#elements:	14336
Tot cycles: 73234
L1 misses:	127
misses per accumulation:	  0.06201

Run: 7,4096
shifted
m,n=7,4096
#elements:	28672
Tot cycles: 150412
L1 misses:	468
misses per accumulation:	  0.11426

Run: 7,8192
shifted
m,n=7,8192
#elements:	57344
Tot cycles: 320410
L1 misses:	923
misses per accumulation:	  0.11267

Run: 7,16384
shifted
m,n=7,16384
#elements:	114688
Tot cycles: 740150
L1 misses:	1802
misses per accumulation:	  0.10999

TACC: Cleaning up after job: 1117973
TACC: Done.
