TACC: Setting memory limits for job 1099049 to 31876710 KB
TACC: Dumping job script:
--------------------------------------------------------------------------------
#!/bin/bash

#$   -q development
#$   -V
#$   -cwd
#$   -pe 1way 16
#$   -l h_rt=0:05:00

#$   -j y
#$   -N papirun_tlb
#$   -o $JOB_NAME.oe$JOB_ID
#$   -e $JOB_NAME.oe$JOB_ID

#$ -A A-ccsc

module load papi
./tlb col

--------------------------------------------------------------------------------
TACC: Done.
right way
m,n=1000,10
#elements:	10000
Tot cycles: 68496
TLB misses:	2
misses per column:	  0.20000

m,n=1000,20
#elements:	20000
Tot cycles: 121260
TLB misses:	0
misses per column:	  0.00000

m,n=1000,30
#elements:	30000
Tot cycles: 181380
TLB misses:	0
misses per column:	  0.00000

m,n=1000,40
#elements:	40000
Tot cycles: 241534
TLB misses:	0
misses per column:	  0.00000

m,n=1000,50
#elements:	50000
Tot cycles: 302043
TLB misses:	0
misses per column:	  0.00000

m,n=1000,60
#elements:	60000
Tot cycles: 363440
TLB misses:	0
misses per column:	  0.00000

m,n=1000,70
#elements:	70000
Tot cycles: 425338
TLB misses:	0
misses per column:	  0.00000

m,n=1000,80
#elements:	80000
Tot cycles: 488897
TLB misses:	0
misses per column:	  0.00000

m,n=1000,90
#elements:	90000
Tot cycles: 552146
TLB misses:	0
misses per column:	  0.00000

m,n=1000,100
#elements:	100000
Tot cycles: 614194
TLB misses:	3
misses per column:	  0.03000

m,n=1000,110
#elements:	110000
Tot cycles: 676007
TLB misses:	1
misses per column:	  0.00909

m,n=1000,120
#elements:	120000
Tot cycles: 736646
TLB misses:	0
misses per column:	  0.00000

m,n=1000,130
#elements:	130000
Tot cycles: 799026
TLB misses:	2
misses per column:	  0.01538

m,n=1000,140
#elements:	140000
Tot cycles: 859515
TLB misses:	3
misses per column:	  0.02143

m,n=1000,150
#elements:	150000
Tot cycles: 922417
TLB misses:	1
misses per column:	  0.00667

m,n=1000,160
#elements:	160000
Tot cycles: 988242
TLB misses:	4
misses per column:	  0.02500

m,n=1000,170
#elements:	170000
Tot cycles: 1056747
TLB misses:	15
misses per column:	  0.08824

m,n=1000,180
#elements:	180000
Tot cycles: 1126038
TLB misses:	10
misses per column:	  0.05556

m,n=1000,190
#elements:	190000
Tot cycles: 1192760
TLB misses:	15
misses per column:	  0.07895

m,n=1000,200
#elements:	200000
Tot cycles: 1247851
TLB misses:	14
misses per column:	  0.07000

m,n=1000,210
#elements:	210000
Tot cycles: 1325989
TLB misses:	29
misses per column:	  0.13810

m,n=1000,220
#elements:	220000
Tot cycles: 1439272
TLB misses:	44
misses per column:	  0.20000

m,n=1000,230
#elements:	230000
Tot cycles: 1527270
TLB misses:	54
misses per column:	  0.23478

m,n=1000,240
#elements:	240000
Tot cycles: 1644676
TLB misses:	58
misses per column:	  0.24167

m,n=1000,250
#elements:	250000
Tot cycles: 1756268
TLB misses:	62
misses per column:	  0.24800

m,n=1000,260
#elements:	260000
Tot cycles: 1869574
TLB misses:	58
misses per column:	  0.22308

m,n=1000,270
#elements:	270000
Tot cycles: 2010948
TLB misses:	101
misses per column:	  0.37407

m,n=1000,280
#elements:	280000
Tot cycles: 2110738
TLB misses:	106
misses per column:	  0.37857

m,n=1000,290
#elements:	290000
Tot cycles: 2245323
TLB misses:	154
misses per column:	  0.53103

m,n=1000,300
#elements:	300000
Tot cycles: 2382936
TLB misses:	191
misses per column:	  0.63667

m,n=1000,310
#elements:	310000
Tot cycles: 2598640
TLB misses:	230
misses per column:	  0.74194

m,n=1000,320
#elements:	320000
Tot cycles: 2892157
TLB misses:	279
misses per column:	  0.87187

m,n=1000,330
#elements:	330000
Tot cycles: 3094381
TLB misses:	310
misses per column:	  0.93939

m,n=1000,340
#elements:	340000
Tot cycles: 3414376
TLB misses:	317
misses per column:	  0.93235

m,n=1000,350
#elements:	350000
Tot cycles: 3762578
TLB misses:	371
misses per column:	  1.06000

m,n=1000,360
#elements:	360000
Tot cycles: 4127927
TLB misses:	418
misses per column:	  1.16111

m,n=1000,370
#elements:	370000
Tot cycles: 4431751
TLB misses:	426
misses per column:	  1.15135

m,n=1000,380
#elements:	380000
Tot cycles: 4829914
TLB misses:	486
misses per column:	  1.27895

m,n=1000,390
#elements:	390000
Tot cycles: 4977057
TLB misses:	516
misses per column:	  1.32308

m,n=1000,400
#elements:	400000
Tot cycles: 5116698
TLB misses:	494
misses per column:	  1.23500

m,n=1000,410
#elements:	410000
Tot cycles: 5334361
TLB misses:	571
misses per column:	  1.39268

m,n=1000,420
#elements:	420000
Tot cycles: 5493459
TLB misses:	544
misses per column:	  1.29524

m,n=1000,430
#elements:	430000
Tot cycles: 5593277
TLB misses:	591
misses per column:	  1.37442

m,n=1000,440
#elements:	440000
Tot cycles: 5792618
TLB misses:	598
misses per column:	  1.35909

m,n=1000,450
#elements:	450000
Tot cycles: 5952187
TLB misses:	597
misses per column:	  1.32667

m,n=1000,460
#elements:	460000
Tot cycles: 6109069
TLB misses:	707
misses per column:	  1.53696

m,n=1000,470
#elements:	470000
Tot cycles: 6177537
TLB misses:	511
misses per column:	  1.08723

m,n=1000,480
#elements:	480000
Tot cycles: 6329603
TLB misses:	554
misses per column:	  1.15417

m,n=1000,490
#elements:	490000
Tot cycles: 6548277
TLB misses:	773
misses per column:	  1.57755

m,n=1000,500
#elements:	500000
Tot cycles: 6630821
TLB misses:	657
misses per column:	  1.31400

m,n=1000,510
#elements:	510000
Tot cycles: 6814301
TLB misses:	828
misses per column:	  1.62353

m,n=1000,520
#elements:	520000
Tot cycles: 6911790
TLB misses:	700
misses per column:	  1.34615

m,n=1000,530
#elements:	530000
Tot cycles: 7068648
TLB misses:	799
misses per column:	  1.50755

m,n=1000,540
#elements:	540000
Tot cycles: 7238346
TLB misses:	932
misses per column:	  1.72593

m,n=1000,550
#elements:	550000
Tot cycles: 7390854
TLB misses:	992
misses per column:	  1.80364

m,n=1000,560
#elements:	560000
Tot cycles: 7456564
TLB misses:	804
misses per column:	  1.43571

m,n=1000,570
#elements:	570000
Tot cycles: 7627113
TLB misses:	925
misses per column:	  1.62281

m,n=1000,580
#elements:	580000
Tot cycles: 7757810
TLB misses:	927
misses per column:	  1.59828

m,n=1000,590
#elements:	590000
Tot cycles: 7889053
TLB misses:	962
misses per column:	  1.63051

m,n=1000,600
#elements:	600000
Tot cycles: 8028968
TLB misses:	986
misses per column:	  1.64333

m,n=1000,610
#elements:	610000
Tot cycles: 8135638
TLB misses:	884
misses per column:	  1.44918

m,n=1000,620
#elements:	620000
Tot cycles: 8267244
TLB misses:	942
misses per column:	  1.51935

m,n=1000,630
#elements:	630000
Tot cycles: 8438983
TLB misses:	1074
misses per column:	  1.70476

m,n=1000,640
#elements:	640000
Tot cycles: 8599743
TLB misses:	1202
misses per column:	  1.87813

m,n=1000,650
#elements:	650000
Tot cycles: 8703885
TLB misses:	1087
misses per column:	  1.67231

m,n=1000,660
#elements:	660000
Tot cycles: 8834652
TLB misses:	1114
misses per column:	  1.68788

m,n=1000,670
#elements:	670000
Tot cycles: 8983663
TLB misses:	1147
misses per column:	  1.71194

m,n=1000,680
#elements:	680000
Tot cycles: 9052410
TLB misses:	968
misses per column:	  1.42353

m,n=1000,690
#elements:	690000
Tot cycles: 9224387
TLB misses:	1141
misses per column:	  1.65362

m,n=1000,700
#elements:	700000
Tot cycles: 9368461
TLB misses:	1182
misses per column:	  1.68857

m,n=1000,710
#elements:	710000
Tot cycles: 9505902
TLB misses:	1196
misses per column:	  1.68451

m,n=1000,720
#elements:	720000
Tot cycles: 9649064
TLB misses:	1268
misses per column:	  1.76111

m,n=1000,730
#elements:	730000
Tot cycles: 9760039
TLB misses:	1192
misses per column:	  1.63288

m,n=1000,740
#elements:	740000
Tot cycles: 9920200
TLB misses:	1310
misses per column:	  1.77027

m,n=1000,750
#elements:	750000
Tot cycles: 10077686
TLB misses:	1366
misses per column:	  1.82133

m,n=1000,760
#elements:	760000
Tot cycles: 10168636
TLB misses:	1269
misses per column:	  1.66974

m,n=1000,770
#elements:	770000
Tot cycles: 10313317
TLB misses:	1352
misses per column:	  1.75584

m,n=1000,780
#elements:	780000
Tot cycles: 10456344
TLB misses:	1383
misses per column:	  1.77308

m,n=1000,790
#elements:	790000
Tot cycles: 10585359
TLB misses:	1370
misses per column:	  1.73418

m,n=1000,800
#elements:	800000
Tot cycles: 10697887
TLB misses:	1308
misses per column:	  1.63500

m,n=1000,810
#elements:	810000
Tot cycles: 10877203
TLB misses:	1475
misses per column:	  1.82099

m,n=1000,820
#elements:	820000
Tot cycles: 11002292
TLB misses:	1442
misses per column:	  1.75854

m,n=1000,830
#elements:	830000
Tot cycles: 11095469
TLB misses:	1338
misses per column:	  1.61205

m,n=1000,840
#elements:	840000
Tot cycles: 11204840
TLB misses:	1291
misses per column:	  1.53690

m,n=1000,850
#elements:	850000
Tot cycles: 11407136
TLB misses:	1546
misses per column:	  1.81882

m,n=1000,860
#elements:	860000
Tot cycles: 11531701
TLB misses:	1527
misses per column:	  1.77558

m,n=1000,870
#elements:	870000
Tot cycles: 11666094
TLB misses:	1535
misses per column:	  1.76437

m,n=1000,880
#elements:	880000
Tot cycles: 11806381
TLB misses:	1566
misses per column:	  1.77955

m,n=1000,890
#elements:	890000
Tot cycles: 11944778
TLB misses:	1607
misses per column:	  1.80562

m,n=1000,900
#elements:	900000
Tot cycles: 12071966
TLB misses:	1587
misses per column:	  1.76333

m,n=1000,910
#elements:	910000
Tot cycles: 12177318
TLB misses:	1536
misses per column:	  1.68791

m,n=1000,920
#elements:	920000
Tot cycles: 12298787
TLB misses:	1532
misses per column:	  1.66522

m,n=1000,930
#elements:	930000
Tot cycles: 12464117
TLB misses:	1624
misses per column:	  1.74624

m,n=1000,940
#elements:	940000
Tot cycles: 12621313
TLB misses:	1714
misses per column:	  1.82340

m,n=1000,950
#elements:	950000
Tot cycles: 12748246
TLB misses:	1707
misses per column:	  1.79684

m,n=1000,960
#elements:	960000
Tot cycles: 12845583
TLB misses:	1644
misses per column:	  1.71250

m,n=1000,970
#elements:	970000
Tot cycles: 12997779
TLB misses:	1681
misses per column:	  1.73299

m,n=1000,980
#elements:	980000
Tot cycles: 13158036
TLB misses:	1778
misses per column:	  1.81429

m,n=1000,990
#elements:	990000
Tot cycles: 13239103
TLB misses:	1652
misses per column:	  1.66869

m,n=1000,1000
#elements:	1000000
Tot cycles: 13402141
TLB misses:	1726
misses per column:	  1.72600

m,n=1000,1010
#elements:	1010000
Tot cycles: 13580193
TLB misses:	1927
misses per column:	  1.90792

m,n=1000,1020
#elements:	1020000
Tot cycles: 13693715
TLB misses:	1881
misses per column:	  1.84412

m,n=1000,1030
#elements:	1030000
Tot cycles: 13802968
TLB misses:	1795
misses per column:	  1.74272

m,n=1000,1040
#elements:	1040000
Tot cycles: 13956158
TLB misses:	1891
misses per column:	  1.81827

m,n=1000,1050
#elements:	1050000
Tot cycles: 14070578
TLB misses:	1821
misses per column:	  1.73429

m,n=1000,1060
#elements:	1060000
Tot cycles: 14209201
TLB misses:	1833
misses per column:	  1.72925

m,n=1000,1070
#elements:	1070000
Tot cycles: 14339524
TLB misses:	1870
misses per column:	  1.74766

m,n=1000,1080
#elements:	1080000
Tot cycles: 14487556
TLB misses:	1953
misses per column:	  1.80833

m,n=1000,1090
#elements:	1090000
Tot cycles: 14580845
TLB misses:	1830
misses per column:	  1.67890

m,n=1000,1100
#elements:	1100000
Tot cycles: 14787170
TLB misses:	2068
misses per column:	  1.88000

m,n=1000,1110
#elements:	1110000
Tot cycles: 14877670
TLB misses:	1941
misses per column:	  1.74865

m,n=1000,1120
#elements:	1120000
Tot cycles: 14987879
TLB misses:	1853
misses per column:	  1.65446

m,n=1000,1130
#elements:	1130000
Tot cycles: 15192963
TLB misses:	2132
misses per column:	  1.88673

m,n=1000,1140
#elements:	1140000
Tot cycles: 15251026
TLB misses:	1891
misses per column:	  1.65877

m,n=1000,1150
#elements:	1150000
Tot cycles: 15439915
TLB misses:	2136
misses per column:	  1.85739

m,n=1000,1160
#elements:	1160000
Tot cycles: 15531258
TLB misses:	1995
misses per column:	  1.71983

m,n=1000,1170
#elements:	1170000
Tot cycles: 15691263
TLB misses:	2110
misses per column:	  1.80342

m,n=1000,1180
#elements:	1180000
Tot cycles: 15820177
TLB misses:	2104
misses per column:	  1.78305

m,n=1000,1190
#elements:	1190000
Tot cycles: 15990047
TLB misses:	2245
misses per column:	  1.88655

m,n=1000,1200
#elements:	1200000
Tot cycles: 16093981
TLB misses:	2154
misses per column:	  1.79500

m,n=1000,1210
#elements:	1210000
Tot cycles: 16248585
TLB misses:	2215
misses per column:	  1.83058

m,n=1000,1220
#elements:	1220000
Tot cycles: 16346108
TLB misses:	2134
misses per column:	  1.74918

m,n=1000,1230
#elements:	1230000
Tot cycles: 16463058
TLB misses:	2124
misses per column:	  1.72683

m,n=1000,1240
#elements:	1240000
Tot cycles: 16657576
TLB misses:	2296
misses per column:	  1.85161

m,n=1000,1250
#elements:	1250000
Tot cycles: 16796651
TLB misses:	2357
misses per column:	  1.88560

m,n=1000,1260
#elements:	1260000
Tot cycles: 16909591
TLB misses:	2285
misses per column:	  1.81349

m,n=1000,1270
#elements:	1270000
Tot cycles: 17054365
TLB misses:	2336
misses per column:	  1.83937

m,n=1000,1280
#elements:	1280000
Tot cycles: 17185850
TLB misses:	2373
misses per column:	  1.85391

m,n=1000,1290
#elements:	1290000
Tot cycles: 17278864
TLB misses:	2229
misses per column:	  1.72791

m,n=1000,1300
#elements:	1300000
Tot cycles: 17443496
TLB misses:	2383
misses per column:	  1.83308

m,n=1000,1310
#elements:	1310000
Tot cycles: 17526319
TLB misses:	2219
misses per column:	  1.69389

m,n=1000,1320
#elements:	1320000
Tot cycles: 17639848
TLB misses:	2180
misses per column:	  1.65152

m,n=1000,1330
#elements:	1330000
Tot cycles: 17834163
TLB misses:	2419
misses per column:	  1.81880

m,n=1000,1340
#elements:	1340000
Tot cycles: 17949528
TLB misses:	2308
misses per column:	  1.72239

m,n=1000,1350
#elements:	1350000
Tot cycles: 18090045
TLB misses:	2416
misses per column:	  1.78963

m,n=1000,1360
#elements:	1360000
Tot cycles: 18265776
TLB misses:	2503
misses per column:	  1.84044

m,n=1000,1370
#elements:	1370000
Tot cycles: 18384927
TLB misses:	2473
misses per column:	  1.80511

m,n=1000,1380
#elements:	1380000
Tot cycles: 18506711
TLB misses:	2483
misses per column:	  1.79928

m,n=1000,1390
#elements:	1390000
Tot cycles: 18648339
TLB misses:	2523
misses per column:	  1.81511

m,n=1000,1400
#elements:	1400000
Tot cycles: 18742438
TLB misses:	2401
misses per column:	  1.71500

m,n=1000,1410
#elements:	1410000
Tot cycles: 18937657
TLB misses:	2641
misses per column:	  1.87305

m,n=1000,1420
#elements:	1420000
Tot cycles: 19042113
TLB misses:	2508
misses per column:	  1.76620

m,n=1000,1430
#elements:	1430000
Tot cycles: 19181247
TLB misses:	2558
misses per column:	  1.78881

m,n=1000,1440
#elements:	1440000
Tot cycles: 19302085
TLB misses:	2579
misses per column:	  1.79097

m,n=1000,1450
#elements:	1450000
Tot cycles: 19475711
TLB misses:	2724
misses per column:	  1.87862

m,n=1000,1460
#elements:	1460000
Tot cycles: 19610702
TLB misses:	2705
misses per column:	  1.85274

m,n=1000,1470
#elements:	1470000
Tot cycles: 19724775
TLB misses:	2702
misses per column:	  1.83810

m,n=1000,1480
#elements:	1480000
Tot cycles: 19848097
TLB misses:	2662
misses per column:	  1.79865

m,n=1000,1490
#elements:	1490000
Tot cycles: 20011588
TLB misses:	2763
misses per column:	  1.85436

m,n=1000,1500
#elements:	1500000
Tot cycles: 20137637
TLB misses:	2817
misses per column:	  1.87800

m,n=1000,1510
#elements:	1510000
Tot cycles: 20287504
TLB misses:	2825
misses per column:	  1.87086

m,n=1000,1520
#elements:	1520000
Tot cycles: 20415088
TLB misses:	2826
misses per column:	  1.85921

m,n=1000,1530
#elements:	1530000
Tot cycles: 20509218
TLB misses:	2758
misses per column:	  1.80261

m,n=1000,1540
#elements:	1540000
Tot cycles: 20654090
TLB misses:	2777
misses per column:	  1.80325

m,n=1000,1550
#elements:	1550000
Tot cycles: 20808251
TLB misses:	2911
misses per column:	  1.87806

m,n=1000,1560
#elements:	1560000
Tot cycles: 20949543
TLB misses:	2891
misses per column:	  1.85321

m,n=1000,1570
#elements:	1570000
Tot cycles: 21088113
TLB misses:	2947
misses per column:	  1.87707

m,n=1000,1580
#elements:	1580000
Tot cycles: 21222261
TLB misses:	2975
misses per column:	  1.88291

m,n=1000,1590
#elements:	1590000
Tot cycles: 21359476
TLB misses:	3002
misses per column:	  1.88805

m,n=1000,1600
#elements:	1600000
Tot cycles: 21459334
TLB misses:	2900
misses per column:	  1.81250

m,n=1000,1610
#elements:	1610000
Tot cycles: 21627752
TLB misses:	3041
misses per column:	  1.88882

m,n=1000,1620
#elements:	1620000
Tot cycles: 21714622
TLB misses:	2896
misses per column:	  1.78765

m,n=1000,1630
#elements:	1630000
Tot cycles: 21845846
TLB misses:	2952
misses per column:	  1.81104

m,n=1000,1640
#elements:	1640000
Tot cycles: 21972847
TLB misses:	2890
misses per column:	  1.76220

m,n=1000,1650
#elements:	1650000
Tot cycles: 22167265
TLB misses:	3116
misses per column:	  1.88848

m,n=1000,1660
#elements:	1660000
Tot cycles: 22246784
TLB misses:	2898
misses per column:	  1.74578

m,n=1000,1670
#elements:	1670000
Tot cycles: 22422144
TLB misses:	3087
misses per column:	  1.84850

m,n=1000,1680
#elements:	1680000
Tot cycles: 22572900
TLB misses:	3161
misses per column:	  1.88155

m,n=1000,1690
#elements:	1690000
Tot cycles: 22695261
TLB misses:	3198
misses per column:	  1.89231

m,n=1000,1700
#elements:	1700000
Tot cycles: 22806937
TLB misses:	3103
misses per column:	  1.82529

m,n=1000,1710
#elements:	1710000
Tot cycles: 22976035
TLB misses:	3240
misses per column:	  1.89474

m,n=1000,1720
#elements:	1720000
Tot cycles: 23068443
TLB misses:	3127
misses per column:	  1.81802

m,n=1000,1730
#elements:	1730000
Tot cycles: 23225949
TLB misses:	3221
misses per column:	  1.86185

m,n=1000,1740
#elements:	1740000
Tot cycles: 23374216
TLB misses:	3287
misses per column:	  1.88908

m,n=1000,1750
#elements:	1750000
Tot cycles: 23438643
TLB misses:	3092
misses per column:	  1.76686

m,n=1000,1760
#elements:	1760000
Tot cycles: 23594215
TLB misses:	3136
misses per column:	  1.78182

m,n=1000,1770
#elements:	1770000
Tot cycles: 23740759
TLB misses:	3226
misses per column:	  1.82260

m,n=1000,1780
#elements:	1780000
Tot cycles: 23903008
TLB misses:	3285
misses per column:	  1.84551

m,n=1000,1790
#elements:	1790000
Tot cycles: 24021693
TLB misses:	3320
misses per column:	  1.85475

m,n=1000,1800
#elements:	1800000
Tot cycles: 24164058
TLB misses:	3329
misses per column:	  1.84944

m,n=1000,1810
#elements:	1810000
Tot cycles: 24285755
TLB misses:	3349
misses per column:	  1.85028

m,n=1000,1820
#elements:	1820000
Tot cycles: 24448596
TLB misses:	3453
misses per column:	  1.89725

m,n=1000,1830
#elements:	1830000
Tot cycles: 24553204
TLB misses:	3353
misses per column:	  1.83224

m,n=1000,1840
#elements:	1840000
Tot cycles: 24684742
TLB misses:	3391
misses per column:	  1.84293

m,n=1000,1850
#elements:	1850000
Tot cycles: 24838455
TLB misses:	3449
misses per column:	  1.86432

m,n=1000,1860
#elements:	1860000
Tot cycles: 24948708
TLB misses:	3407
misses per column:	  1.83172

m,n=1000,1870
#elements:	1870000
Tot cycles: 25040794
TLB misses:	3313
misses per column:	  1.77166

m,n=1000,1880
#elements:	1880000
Tot cycles: 25225500
TLB misses:	3465
misses per column:	  1.84309

m,n=1000,1890
#elements:	1890000
Tot cycles: 25361068
TLB misses:	3491
misses per column:	  1.84709

m,n=1000,1900
#elements:	1900000
Tot cycles: 25497832
TLB misses:	3536
misses per column:	  1.86105

m,n=1000,1910
#elements:	1910000
Tot cycles: 25689281
TLB misses:	3702
misses per column:	  1.93822

m,n=1000,1920
#elements:	1920000
Tot cycles: 25806480
TLB misses:	3680
misses per column:	  1.91667

m,n=1000,1930
#elements:	1930000
Tot cycles: 25923856
TLB misses:	3657
misses per column:	  1.89482

m,n=1000,1940
#elements:	1940000
Tot cycles: 26032086
TLB misses:	3557
misses per column:	  1.83351

m,n=1000,1950
#elements:	1950000
Tot cycles: 26250119
TLB misses:	3820
misses per column:	  1.95897

m,n=1000,1960
#elements:	1960000
Tot cycles: 26357356
TLB misses:	3758
misses per column:	  1.91735

m,n=1000,1970
#elements:	1970000
Tot cycles: 26472979
TLB misses:	3737
misses per column:	  1.89695

m,n=1000,1980
#elements:	1980000
Tot cycles: 26551726
TLB misses:	3641
misses per column:	  1.83889

m,n=1000,1990
#elements:	1990000
Tot cycles: 26711536
TLB misses:	3666
misses per column:	  1.84221

TACC: Cleaning up after job: 1099049
TACC: Done.
