TACC: Setting memory limits for job 1787526 to unlimited KB
TACC: Dumping job script:
--------------------------------------------------------------------------------
#!/bin/bash

#$   -q development
#$   -V
#$   -cwd
#$   -pe 2way 16
#$   -l h_rt=0:05:00

#$   -j y
#$   -N papirun_thread
#$   -o $JOB_NAME.oe$JOB_ID
#$   -e $JOB_NAME.oe$JOB_ID
##$   -M eijkhout@tacc.utexas.edu
##$   -m e

#$ -A A-ccsc

module load papi
./thread 

--------------------------------------------------------------------------------
TACC: Done.
allocating 16400 doubles
.. last loc 16388
Tot cycles: 58519
L1 misses:	407
Cycles per op:	 28.57373

.. last loc 16386
Tot cycles: 12373
L1 misses:	195
Cycles per op:	  3.02075

.. last loc 16392
Tot cycles: 7076
L1 misses:	66
Cycles per op:	  6.91016

TACC: Cleaning up after job: 1787526
TACC: Done.
