TACC: Setting memory limits for job 1099048 to 31876710 KB
TACC: Dumping job script:
--------------------------------------------------------------------------------
#!/bin/bash

#$   -q development
#$   -V
#$   -cwd
#$   -pe 1way 16
#$   -l h_rt=0:05:00

#$   -j y
#$   -N papirun_tlb
#$   -o $JOB_NAME.oe$JOB_ID
#$   -e $JOB_NAME.oe$JOB_ID

#$ -A A-ccsc

module load papi
./tlb row

--------------------------------------------------------------------------------
TACC: Done.
wrong way
m,n=1000,10
#elements:	10000
Tot cycles: 68712
TLB misses:	1
misses per column:	  0.10000

m,n=1000,20
#elements:	20000
Tot cycles: 158162
TLB misses:	0
misses per column:	  0.00000

m,n=1000,30
#elements:	30000
Tot cycles: 228614
TLB misses:	0
misses per column:	  0.00000

m,n=1000,40
#elements:	40000
Tot cycles: 296470
TLB misses:	0
misses per column:	  0.00000

m,n=1000,50
#elements:	50000
Tot cycles: 381984
TLB misses:	0
misses per column:	  0.00000

m,n=1000,60
#elements:	60000
Tot cycles: 465377
TLB misses:	0
misses per column:	  0.00000

m,n=1000,70
#elements:	70000
Tot cycles: 553754
TLB misses:	0
misses per column:	  0.00000

m,n=1000,80
#elements:	80000
Tot cycles: 631199
TLB misses:	0
misses per column:	  0.00000

m,n=1000,90
#elements:	90000
Tot cycles: 713877
TLB misses:	1
misses per column:	  0.01111

m,n=1000,100
#elements:	100000
Tot cycles: 801462
TLB misses:	0
misses per column:	  0.00000

m,n=1000,110
#elements:	110000
Tot cycles: 875797
TLB misses:	0
misses per column:	  0.00000

m,n=1000,120
#elements:	120000
Tot cycles: 956669
TLB misses:	0
misses per column:	  0.00000

m,n=1000,130
#elements:	130000
Tot cycles: 1040471
TLB misses:	0
misses per column:	  0.00000

m,n=1000,140
#elements:	140000
Tot cycles: 1113707
TLB misses:	0
misses per column:	  0.00000

m,n=1000,150
#elements:	150000
Tot cycles: 1192253
TLB misses:	2
misses per column:	  0.01333

m,n=1000,160
#elements:	160000
Tot cycles: 1274236
TLB misses:	4
misses per column:	  0.02500

m,n=1000,170
#elements:	170000
Tot cycles: 1352532
TLB misses:	11
misses per column:	  0.06471

m,n=1000,180
#elements:	180000
Tot cycles: 1427603
TLB misses:	4
misses per column:	  0.02222

m,n=1000,190
#elements:	190000
Tot cycles: 1513420
TLB misses:	6
misses per column:	  0.03158

m,n=1000,200
#elements:	200000
Tot cycles: 1587874
TLB misses:	9
misses per column:	  0.04500

m,n=1000,210
#elements:	210000
Tot cycles: 1676088
TLB misses:	30
misses per column:	  0.14286

m,n=1000,220
#elements:	220000
Tot cycles: 1754181
TLB misses:	41
misses per column:	  0.18636

m,n=1000,230
#elements:	230000
Tot cycles: 1865307
TLB misses:	50
misses per column:	  0.21739

m,n=1000,240
#elements:	240000
Tot cycles: 1954075
TLB misses:	55
misses per column:	  0.22917

m,n=1000,250
#elements:	250000
Tot cycles: 2056929
TLB misses:	67
misses per column:	  0.26800

m,n=1000,260
#elements:	260000
Tot cycles: 2181455
TLB misses:	74
misses per column:	  0.28462

m,n=1000,270
#elements:	270000
Tot cycles: 2355857
TLB misses:	174
misses per column:	  0.64444

m,n=1000,280
#elements:	280000
Tot cycles: 2518279
TLB misses:	285
misses per column:	  1.01786

m,n=1000,290
#elements:	290000
Tot cycles: 2668542
TLB misses:	398
misses per column:	  1.37241

m,n=1000,300
#elements:	300000
Tot cycles: 2891222
TLB misses:	756
misses per column:	  2.52000

m,n=1000,310
#elements:	310000
Tot cycles: 3123180
TLB misses:	680
misses per column:	  2.19355

m,n=1000,320
#elements:	320000
Tot cycles: 3366128
TLB misses:	755
misses per column:	  2.35938

m,n=1000,330
#elements:	330000
Tot cycles: 3690697
TLB misses:	894
misses per column:	  2.70909

m,n=1000,340
#elements:	340000
Tot cycles: 4013129
TLB misses:	1286
misses per column:	  3.78235

m,n=1000,350
#elements:	350000
Tot cycles: 4283874
TLB misses:	1684
misses per column:	  4.81143

m,n=1000,360
#elements:	360000
Tot cycles: 4491897
TLB misses:	1908
misses per column:	  5.30000

m,n=1000,370
#elements:	370000
Tot cycles: 4726081
TLB misses:	2116
misses per column:	  5.71892

m,n=1000,380
#elements:	380000
Tot cycles: 4928621
TLB misses:	2314
misses per column:	  6.08947

m,n=1000,390
#elements:	390000
Tot cycles: 5132789
TLB misses:	2916
misses per column:	  7.47692

m,n=1000,400
#elements:	400000
Tot cycles: 5284879
TLB misses:	2711
misses per column:	  6.77750

m,n=1000,410
#elements:	410000
Tot cycles: 5495946
TLB misses:	4008
misses per column:	  9.77561

m,n=1000,420
#elements:	420000
Tot cycles: 5663043
TLB misses:	4368
misses per column:	 10.40000

m,n=1000,430
#elements:	430000
Tot cycles: 5837853
TLB misses:	4607
misses per column:	 10.71395

m,n=1000,440
#elements:	440000
Tot cycles: 6033541
TLB misses:	5116
misses per column:	 11.62727

m,n=1000,450
#elements:	450000
Tot cycles: 6146810
TLB misses:	5023
misses per column:	 11.16222

m,n=1000,460
#elements:	460000
Tot cycles: 6338786
TLB misses:	5901
misses per column:	 12.82826

m,n=1000,470
#elements:	470000
Tot cycles: 6717025
TLB misses:	13545
misses per column:	 28.81915

m,n=1000,480
#elements:	480000
Tot cycles: 7110205
TLB misses:	21235
misses per column:	 44.23958

m,n=1000,490
#elements:	490000
Tot cycles: 7470243
TLB misses:	28757
misses per column:	 58.68776

m,n=1000,500
#elements:	500000
Tot cycles: 7841133
TLB misses:	36323
misses per column:	 72.64600

m,n=1000,510
#elements:	510000
Tot cycles: 8209106
TLB misses:	44063
misses per column:	 86.39804

m,n=1000,520
#elements:	520000
Tot cycles: 8560009
TLB misses:	51054
misses per column:	 98.18077

m,n=1000,530
#elements:	530000
Tot cycles: 9106008
TLB misses:	64365
misses per column:	121.44340

m,n=1000,540
#elements:	540000
Tot cycles: 9772761
TLB misses:	80715
misses per column:	149.47222

m,n=1000,550
#elements:	550000
Tot cycles: 10418533
TLB misses:	96805
misses per column:	176.00909

m,n=1000,560
#elements:	560000
Tot cycles: 11057876
TLB misses:	112520
misses per column:	200.92857

m,n=1000,570
#elements:	570000
Tot cycles: 11725401
TLB misses:	129190
misses per column:	226.64912

m,n=1000,580
#elements:	580000
Tot cycles: 12377452
TLB misses:	144894
misses per column:	249.81724

m,n=1000,590
#elements:	590000
Tot cycles: 13036456
TLB misses:	161466
misses per column:	273.67119

m,n=1000,600
#elements:	600000
Tot cycles: 13820267
TLB misses:	180095
misses per column:	300.15833

m,n=1000,610
#elements:	610000
Tot cycles: 14582937
TLB misses:	198655
misses per column:	325.66393

m,n=1000,620
#elements:	620000
Tot cycles: 15278855
TLB misses:	215598
misses per column:	347.73871

m,n=1000,630
#elements:	630000
Tot cycles: 16086436
TLB misses:	235146
misses per column:	373.24762

m,n=1000,640
#elements:	640000
Tot cycles: 16808067
TLB misses:	252958
misses per column:	395.24687

m,n=1000,650
#elements:	650000
Tot cycles: 17633270
TLB misses:	272510
misses per column:	419.24615

m,n=1000,660
#elements:	660000
Tot cycles: 18327293
TLB misses:	289305
misses per column:	438.34091

m,n=1000,670
#elements:	670000
Tot cycles: 19083378
TLB misses:	307268
misses per column:	458.60896

m,n=1000,680
#elements:	680000
Tot cycles: 19824755
TLB misses:	325400
misses per column:	478.52941

m,n=1000,690
#elements:	690000
Tot cycles: 20523853
TLB misses:	341906
misses per column:	495.51594

m,n=1000,700
#elements:	700000
Tot cycles: 21233897
TLB misses:	359597
misses per column:	513.71000

m,n=1000,710
#elements:	710000
Tot cycles: 21979081
TLB misses:	376993
misses per column:	530.97606

m,n=1000,720
#elements:	720000
Tot cycles: 22740142
TLB misses:	394729
misses per column:	548.23472

m,n=1000,730
#elements:	730000
Tot cycles: 23430270
TLB misses:	410769
misses per column:	562.69726

m,n=1000,740
#elements:	740000
Tot cycles: 24116390
TLB misses:	426428
misses per column:	576.25405

m,n=1000,750
#elements:	750000
Tot cycles: 24832533
TLB misses:	442636
misses per column:	590.18133

m,n=1000,760
#elements:	760000
Tot cycles: 25479523
TLB misses:	457509
misses per column:	601.98553

m,n=1000,770
#elements:	770000
Tot cycles: 26246011
TLB misses:	474706
misses per column:	616.50130

m,n=1000,780
#elements:	780000
Tot cycles: 26921652
TLB misses:	489969
misses per column:	628.16538

m,n=1000,790
#elements:	790000
Tot cycles: 27576186
TLB misses:	504701
misses per column:	638.86203

m,n=1000,800
#elements:	800000
Tot cycles: 28319464
TLB misses:	521029
misses per column:	651.28625

m,n=1000,810
#elements:	810000
Tot cycles: 28964365
TLB misses:	535748
misses per column:	661.41728

m,n=1000,820
#elements:	820000
Tot cycles: 29701164
TLB misses:	552640
misses per column:	673.95122

m,n=1000,830
#elements:	830000
Tot cycles: 30390326
TLB misses:	567631
misses per column:	683.89277

m,n=1000,840
#elements:	840000
Tot cycles: 31127917
TLB misses:	584213
misses per column:	695.49167

m,n=1000,850
#elements:	850000
Tot cycles: 31781952
TLB misses:	598622
misses per column:	704.26118

m,n=1000,860
#elements:	860000
Tot cycles: 32377317
TLB misses:	612151
misses per column:	711.80349

m,n=1000,870
#elements:	870000
Tot cycles: 33109939
TLB misses:	628161
misses per column:	722.02414

m,n=1000,880
#elements:	880000
Tot cycles: 33643917
TLB misses:	639727
misses per column:	726.96250

m,n=1000,890
#elements:	890000
Tot cycles: 34401511
TLB misses:	656912
misses per column:	738.10337

m,n=1000,900
#elements:	900000
Tot cycles: 34988783
TLB misses:	669167
misses per column:	743.51889

m,n=1000,910
#elements:	910000
Tot cycles: 35648022
TLB misses:	684184
misses per column:	751.85055

m,n=1000,920
#elements:	920000
Tot cycles: 36326977
TLB misses:	699263
misses per column:	760.06848

m,n=1000,930
#elements:	930000
Tot cycles: 36933917
TLB misses:	712787
misses per column:	766.43763

m,n=1000,940
#elements:	940000
Tot cycles: 37614773
TLB misses:	726818
misses per column:	773.21064

m,n=1000,950
#elements:	950000
Tot cycles: 38233504
TLB misses:	740505
misses per column:	779.47895

m,n=1000,960
#elements:	960000
Tot cycles: 38899728
TLB misses:	755260
misses per column:	786.72917

m,n=1000,970
#elements:	970000
Tot cycles: 39600522
TLB misses:	771024
misses per column:	794.87010

m,n=1000,980
#elements:	980000
Tot cycles: 40200097
TLB misses:	784263
misses per column:	800.26837

m,n=1000,990
#elements:	990000
Tot cycles: 40866714
TLB misses:	797863
misses per column:	805.92222

m,n=1000,1000
#elements:	1000000
Tot cycles: 41469067
TLB misses:	811191
misses per column:	811.19100

m,n=1000,1010
#elements:	1010000
Tot cycles: 41981295
TLB misses:	821871
misses per column:	813.73366

m,n=1000,1020
#elements:	1020000
Tot cycles: 42620030
TLB misses:	836093
misses per column:	819.69902

m,n=1000,1030
#elements:	1030000
Tot cycles: 43269186
TLB misses:	848805
misses per column:	824.08252

m,n=1000,1040
#elements:	1040000
Tot cycles: 44112355
TLB misses:	866279
misses per column:	832.96058

m,n=1000,1050
#elements:	1050000
Tot cycles: 44660731
TLB misses:	876126
misses per column:	834.40571

m,n=1000,1060
#elements:	1060000
Tot cycles: 45372516
TLB misses:	890488
misses per column:	840.08302

m,n=1000,1070
#elements:	1070000
Tot cycles: 46042842
TLB misses:	902834
misses per column:	843.77009

m,n=1000,1080
#elements:	1080000
Tot cycles: 46765571
TLB misses:	917700
misses per column:	849.72222

m,n=1000,1090
#elements:	1090000
Tot cycles: 47478066
TLB misses:	930892
misses per column:	854.02936

m,n=1000,1100
#elements:	1100000
Tot cycles: 48229357
TLB misses:	946400
misses per column:	860.36364

m,n=1000,1110
#elements:	1110000
Tot cycles: 48873445
TLB misses:	958923
misses per column:	863.89459

m,n=1000,1120
#elements:	1120000
Tot cycles: 49520157
TLB misses:	971574
misses per column:	867.47679

m,n=1000,1130
#elements:	1130000
Tot cycles: 50491589
TLB misses:	993372
misses per column:	879.09027

m,n=1000,1140
#elements:	1140000
Tot cycles: 50924049
TLB misses:	999681
misses per column:	876.91316

m,n=1000,1150
#elements:	1150000
Tot cycles: 51826945
TLB misses:	1019673
misses per column:	886.67217

m,n=1000,1160
#elements:	1160000
Tot cycles: 52280150
TLB misses:	1026150
misses per column:	884.61207

m,n=1000,1170
#elements:	1170000
Tot cycles: 52945830
TLB misses:	1038045
misses per column:	887.21795

m,n=1000,1180
#elements:	1180000
Tot cycles: 53703975
TLB misses:	1054212
misses per column:	893.40000

m,n=1000,1190
#elements:	1190000
Tot cycles: 55600603
TLB misses:	1098548
misses per column:	923.14958

m,n=1000,1200
#elements:	1200000
Tot cycles: 55421225
TLB misses:	1089936
misses per column:	908.28000

m,n=1000,1210
#elements:	1210000
Tot cycles: 57428652
TLB misses:	1137753
misses per column:	940.29174

m,n=1000,1220
#elements:	1220000
Tot cycles: 56497554
TLB misses:	1108893
misses per column:	908.92869

m,n=1000,1230
#elements:	1230000
Tot cycles: 58458248
TLB misses:	1155462
misses per column:	939.40000

m,n=1000,1240
#elements:	1240000
Tot cycles: 60491209
TLB misses:	1204830
misses per column:	971.63710

m,n=1000,1250
#elements:	1250000
Tot cycles: 60097647
TLB misses:	1188634
misses per column:	950.90720

m,n=1000,1260
#elements:	1260000
Tot cycles: 62953962
TLB misses:	1258008
misses per column:	998.41905

m,n=1000,1270
#elements:	1270000
Tot cycles: 61753497
TLB misses:	1222363
misses per column:	962.49055

m,n=1000,1280
#elements:	1280000
Tot cycles: 64188214
TLB misses:	1280764
misses per column:	1000.59687

m,n=1000,1290
#elements:	1290000
Tot cycles: 64080106
TLB misses:	1274734
misses per column:	988.16589

m,n=1000,1300
#elements:	1300000
Tot cycles: 65260717
TLB misses:	1300473
misses per column:	1000.36385

m,n=1000,1310
#elements:	1310000
Tot cycles: 65199939
TLB misses:	1294436
misses per column:	988.11908

m,n=1000,1320
#elements:	1320000
Tot cycles: 66413530
TLB misses:	1320945
misses per column:	1000.71591

m,n=1000,1330
#elements:	1330000
Tot cycles: 66476530
TLB misses:	1318171
misses per column:	991.10602

m,n=1000,1340
#elements:	1340000
Tot cycles: 67502955
TLB misses:	1339421
misses per column:	999.56791

m,n=1000,1350
#elements:	1350000
Tot cycles: 67787822
TLB misses:	1343076
misses per column:	994.87111

m,n=1000,1360
#elements:	1360000
Tot cycles: 68680225
TLB misses:	1361017
misses per column:	1000.74779

m,n=1000,1370
#elements:	1370000
Tot cycles: 69001251
TLB misses:	1365374
misses per column:	996.62336

m,n=1000,1380
#elements:	1380000
Tot cycles: 69793178
TLB misses:	1380938
misses per column:	1000.67971

m,n=1000,1390
#elements:	1390000
Tot cycles: 70233734
TLB misses:	1387325
misses per column:	998.07554

m,n=1000,1400
#elements:	1400000
Tot cycles: 70920479
TLB misses:	1400955
misses per column:	1000.68214

m,n=1000,1410
#elements:	1410000
Tot cycles: 71316720
TLB misses:	1406381
misses per column:	997.43333

m,n=1000,1420
#elements:	1420000
Tot cycles: 72046033
TLB misses:	1420991
misses per column:	1000.69789

m,n=1000,1430
#elements:	1430000
Tot cycles: 72498954
TLB misses:	1427688
misses per column:	998.38322

m,n=1000,1440
#elements:	1440000
Tot cycles: 73190384
TLB misses:	1440899
misses per column:	1000.62431

m,n=1000,1450
#elements:	1450000
Tot cycles: 73528040
TLB misses:	1445399
misses per column:	996.82690

m,n=1000,1460
#elements:	1460000
Tot cycles: 74293961
TLB misses:	1460985
misses per column:	1000.67466

m,n=1000,1470
#elements:	1470000
Tot cycles: 74546706
TLB misses:	1463159
misses per column:	995.34626

m,n=1000,1480
#elements:	1480000
Tot cycles: 75466403
TLB misses:	1480982
misses per column:	1000.66351

m,n=1000,1490
#elements:	1490000
Tot cycles: 75805397
TLB misses:	1485514
misses per column:	996.98926

m,n=1000,1500
#elements:	1500000
Tot cycles: 76617055
TLB misses:	1500985
misses per column:	1000.65667

m,n=1000,1510
#elements:	1510000
Tot cycles: 76987024
TLB misses:	1507023
misses per column:	998.02848

m,n=1000,1520
#elements:	1520000
Tot cycles: 77728997
TLB misses:	1520961
misses per column:	1000.63224

m,n=1000,1530
#elements:	1530000
Tot cycles: 78138265
TLB misses:	1526874
misses per column:	997.95686

m,n=1000,1540
#elements:	1540000
Tot cycles: 78847626
TLB misses:	1540984
misses per column:	1000.63896

m,n=1000,1550
#elements:	1550000
Tot cycles: 79222399
TLB misses:	1548143
misses per column:	998.80194

m,n=1000,1560
#elements:	1560000
Tot cycles: 79866670
TLB misses:	1560993
misses per column:	1000.63654

m,n=1000,1570
#elements:	1570000
Tot cycles: 80294437
TLB misses:	1569149
misses per column:	999.45796

m,n=1000,1580
#elements:	1580000
Tot cycles: 80894899
TLB misses:	1581012
misses per column:	1000.64051

m,n=1000,1590
#elements:	1590000
Tot cycles: 81343213
TLB misses:	1589169
misses per column:	999.47736

m,n=1000,1600
#elements:	1600000
Tot cycles: 81915690
TLB misses:	1601031
misses per column:	1000.64437

m,n=1000,1610
#elements:	1610000
Tot cycles: 82381765
TLB misses:	1609387
misses per column:	999.61925

m,n=1000,1620
#elements:	1620000
Tot cycles: 82968808
TLB misses:	1621033
misses per column:	1000.63765

m,n=1000,1630
#elements:	1630000
Tot cycles: 83424359
TLB misses:	1629909
misses per column:	999.94417

m,n=1000,1640
#elements:	1640000
Tot cycles: 84006558
TLB misses:	1641021
misses per column:	1000.62256

m,n=1000,1650
#elements:	1650000
Tot cycles: 84494450
TLB misses:	1650191
misses per column:	1000.11576

m,n=1000,1660
#elements:	1660000
Tot cycles: 85049678
TLB misses:	1661032
misses per column:	1000.62169

m,n=1000,1670
#elements:	1670000
Tot cycles: 85513531
TLB misses:	1670384
misses per column:	1000.22994

m,n=1000,1680
#elements:	1680000
Tot cycles: 86078083
TLB misses:	1681029
misses per column:	1000.61250

m,n=1000,1690
#elements:	1690000
Tot cycles: 86566376
TLB misses:	1690495
misses per column:	1000.29290

m,n=1000,1700
#elements:	1700000
Tot cycles: 87106777
TLB misses:	1701028
misses per column:	1000.60471

m,n=1000,1710
#elements:	1710000
Tot cycles: 87610253
TLB misses:	1710783
misses per column:	1000.45789

m,n=1000,1720
#elements:	1720000
Tot cycles: 88116636
TLB misses:	1721036
misses per column:	1000.60233

m,n=1000,1730
#elements:	1730000
Tot cycles: 88668047
TLB misses:	1730872
misses per column:	1000.50405

m,n=1000,1740
#elements:	1740000
Tot cycles: 89192665
TLB misses:	1741032
misses per column:	1000.59310

m,n=1000,1750
#elements:	1750000
Tot cycles: 89686335
TLB misses:	1750866
misses per column:	1000.49486

m,n=1000,1760
#elements:	1760000
Tot cycles: 90238905
TLB misses:	1761027
misses per column:	1000.58352

m,n=1000,1770
#elements:	1770000
Tot cycles: 90715517
TLB misses:	1770925
misses per column:	1000.52260

m,n=1000,1780
#elements:	1780000
Tot cycles: 91225729
TLB misses:	1781024
misses per column:	1000.57528

m,n=1000,1790
#elements:	1790000
Tot cycles: 91721497
TLB misses:	1790945
misses per column:	1000.52793

m,n=1000,1800
#elements:	1800000
Tot cycles: 92291589
TLB misses:	1801017
misses per column:	1000.56500

m,n=1000,1810
#elements:	1810000
Tot cycles: 92787803
TLB misses:	1810989
misses per column:	1000.54641

m,n=1000,1820
#elements:	1820000
Tot cycles: 93340129
TLB misses:	1821018
misses per column:	1000.55934

m,n=1000,1830
#elements:	1830000
Tot cycles: 93832210
TLB misses:	1830996
misses per column:	1000.54426

m,n=1000,1840
#elements:	1840000
Tot cycles: 94363126
TLB misses:	1841017
misses per column:	1000.55272

m,n=1000,1850
#elements:	1850000
Tot cycles: 94868960
TLB misses:	1851037
misses per column:	1000.56054

m,n=1000,1860
#elements:	1860000
Tot cycles: 95375600
TLB misses:	1861016
misses per column:	1000.54624

m,n=1000,1870
#elements:	1870000
Tot cycles: 95896339
TLB misses:	1871027
misses per column:	1000.54920

m,n=1000,1880
#elements:	1880000
Tot cycles: 96425964
TLB misses:	1881013
misses per column:	1000.53883

m,n=1000,1890
#elements:	1890000
Tot cycles: 96905666
TLB misses:	1891030
misses per column:	1000.54497

m,n=1000,1900
#elements:	1900000
Tot cycles: 97444889
TLB misses:	1901011
misses per column:	1000.53211

m,n=1000,1910
#elements:	1910000
Tot cycles: 97944335
TLB misses:	1911030
misses per column:	1000.53927

m,n=1000,1920
#elements:	1920000
Tot cycles: 98455359
TLB misses:	1921039
misses per column:	1000.54115

m,n=1000,1930
#elements:	1930000
Tot cycles: 99001304
TLB misses:	1931018
misses per column:	1000.52746

m,n=1000,1940
#elements:	1940000
Tot cycles: 99533807
TLB misses:	1941040
misses per column:	1000.53608

m,n=1000,1950
#elements:	1950000
Tot cycles: 100017422
TLB misses:	1951019
misses per column:	1000.52256

m,n=1000,1960
#elements:	1960000
Tot cycles: 100548619
TLB misses:	1961038
misses per column:	1000.52959

m,n=1000,1970
#elements:	1970000
Tot cycles: 101060257
TLB misses:	1971018
misses per column:	1000.51675

m,n=1000,1980
#elements:	1980000
Tot cycles: 101581823
TLB misses:	1981035
misses per column:	1000.52273

m,n=1000,1990
#elements:	1990000
Tot cycles: 102075820
TLB misses:	1991017
misses per column:	1000.51106

TACC: Cleaning up after job: 1099048
TACC: Done.
