TACC: Setting memory limits for job 1183064 to 31876710 KB
TACC: Dumping job script:
--------------------------------------------------------------------------------
#!/bin/bash

#$   -q development
#$   -V
#$   -cwd
#$   -pe 1way 16
#$   -l h_rt=0:05:00

#$   -j y
#$   -N papirun_size
#$   -o $JOB_NAME.oe$JOB_ID
#$   -e $JOB_NAME.oe$JOB_ID
#$   -M eijkhout@tacc.utexas.edu
#$   -m e

#$ -A A-ccsc

module load papi
./size 

--------------------------------------------------------------------------------
TACC: Done.
Run: data set size=2024
size=2024
Tot cycles: 453093
cycles per array loc:   1.11930
L1 misses:	90
fraction of L1 lines missed:	  0.35573
L2 misses:	27
fraction of L2 lines missed:	  0.10672

Run: data set size=4048
size=4048
Tot cycles: 883776
cycles per array loc:   1.09162
L1 misses:	26
fraction of L1 lines missed:	  0.05138
L2 misses:	0
fraction of L2 lines missed:	  0.00000

Run: data set size=6072
size=6072
Tot cycles: 1323242
cycles per array loc:   1.08963
L1 misses:	52
fraction of L1 lines missed:	  0.06851
L2 misses:	0
fraction of L2 lines missed:	  0.00000

Run: data set size=8096
size=8096
Tot cycles: 1763222
cycles per array loc:   1.08895
L1 misses:	83
fraction of L1 lines missed:	  0.08202
L2 misses:	0
fraction of L2 lines missed:	  0.00000

Run: data set size=10120
size=10120
Tot cycles: 3212178
cycles per array loc:   1.58704
L1 misses:	7267
fraction of L1 lines missed:	  5.74466
L2 misses:	0
fraction of L2 lines missed:	  0.00000

Run: data set size=12144
size=12144
Tot cycles: 4647963
cycles per array loc:   1.91369
L1 misses:	14649
fraction of L1 lines missed:	  9.65020
L2 misses:	0
fraction of L2 lines missed:	  0.00000

Run: data set size=14168
size=14168
Tot cycles: 5492001
cycles per array loc:   1.93817
L1 misses:	17777
fraction of L1 lines missed:	 10.03783
L2 misses:	0
fraction of L2 lines missed:	  0.00000

Run: data set size=16192
size=16192
Tot cycles: 6269857
cycles per array loc:   1.93610
L1 misses:	19658
fraction of L1 lines missed:	  9.71245
L2 misses:	0
fraction of L2 lines missed:	  0.00000

Run: data set size=18216
size=18216
Tot cycles: 7037013
cycles per array loc:   1.93155
L1 misses:	19135
fraction of L1 lines missed:	  8.40360
L2 misses:	0
fraction of L2 lines missed:	  0.00000

Run: data set size=20240
size=20240
Tot cycles: 7848293
cycles per array loc:   1.93881
L1 misses:	22057
fraction of L1 lines missed:	  8.71818
L2 misses:	0
fraction of L2 lines missed:	  0.00000

Run: data set size=22264
size=22264
Tot cycles: 8535700
cycles per array loc:   1.91693
L1 misses:	23927
fraction of L1 lines missed:	  8.59756
L2 misses:	0
fraction of L2 lines missed:	  0.00000

Run: data set size=24288
size=24288
Tot cycles: 9347790
cycles per array loc:   1.92436
L1 misses:	23951
fraction of L1 lines missed:	  7.88900
L2 misses:	0
fraction of L2 lines missed:	  0.00000

Run: data set size=26312
size=26312
Tot cycles: 10169790
cycles per array loc:   1.93254
L1 misses:	30637
fraction of L1 lines missed:	  9.31499
L2 misses:	0
fraction of L2 lines missed:	  0.00000

Run: data set size=28336
size=28336
Tot cycles: 10950300
cycles per array loc:   1.93222
L1 misses:	34411
fraction of L1 lines missed:	  9.71513
L2 misses:	0
fraction of L2 lines missed:	  0.00000

Run: data set size=30360
size=30360
Tot cycles: 11739612
cycles per array loc:   1.93340
L1 misses:	36472
fraction of L1 lines missed:	  9.61054
L2 misses:	0
fraction of L2 lines missed:	  0.00000

Run: data set size=32384
size=32384
Tot cycles: 12515768
cycles per array loc:   1.93240
L1 misses:	38181
fraction of L1 lines missed:	  9.43207
L2 misses:	0
fraction of L2 lines missed:	  0.00000

Run: data set size=34408
size=34408
Tot cycles: 13299256
cycles per array loc:   1.93258
L1 misses:	38896
fraction of L1 lines missed:	  9.04348
L2 misses:	0
fraction of L2 lines missed:	  0.00000

Run: data set size=36432
size=36432
Tot cycles: 14091090
cycles per array loc:   1.93389
L1 misses:	43273
fraction of L1 lines missed:	  9.50220
L2 misses:	0
fraction of L2 lines missed:	  0.00000

Run: data set size=38456
size=38456
Tot cycles: 14834109
cycles per array loc:   1.92871
L1 misses:	43896
fraction of L1 lines missed:	  9.13168
L2 misses:	0
fraction of L2 lines missed:	  0.00000

Run: data set size=40480
size=40480
Tot cycles: 15616314
cycles per array loc:   1.92889
L1 misses:	42338
fraction of L1 lines missed:	  8.36719
L2 misses:	0
fraction of L2 lines missed:	  0.00000

Run: data set size=42504
size=42504
Tot cycles: 16414081
cycles per array loc:   1.93089
L1 misses:	45192
fraction of L1 lines missed:	  8.50593
L2 misses:	1
fraction of L2 lines missed:	  0.00019

Run: data set size=44528
size=44528
Tot cycles: 17167420
cycles per array loc:   1.92771
L1 misses:	46843
fraction of L1 lines missed:	  8.41592
L2 misses:	1
fraction of L2 lines missed:	  0.00018

Run: data set size=46552
size=46552
Tot cycles: 17951404
cycles per array loc:   1.92810
L1 misses:	50904
fraction of L1 lines missed:	  8.74789
L2 misses:	3
fraction of L2 lines missed:	  0.00052

Run: data set size=48576
size=48576
Tot cycles: 18877801
cycles per array loc:   1.94312
L1 misses:	53353
fraction of L1 lines missed:	  8.78673
L2 misses:	658
fraction of L2 lines missed:	  0.10837

Run: data set size=50600
size=50600
Tot cycles: 19788287
cycles per array loc:   1.95536
L1 misses:	58808
fraction of L1 lines missed:	  9.29771
L2 misses:	1330
fraction of L2 lines missed:	  0.21028

Run: data set size=52624
size=52624
Tot cycles: 21239046
cycles per array loc:   2.01800
L1 misses:	69008
fraction of L1 lines missed:	 10.49073
L2 misses:	4576
fraction of L2 lines missed:	  0.69565

Run: data set size=54648
size=54648
Tot cycles: 22932679
cycles per array loc:   2.09822
L1 misses:	83211
fraction of L1 lines missed:	 12.18138
L2 misses:	9430
fraction of L2 lines missed:	  1.38047

Run: data set size=56672
size=56672
Tot cycles: 24847030
cycles per array loc:   2.19218
L1 misses:	95356
fraction of L1 lines missed:	 13.46076
L2 misses:	16268
fraction of L2 lines missed:	  2.29644

Run: data set size=58696
size=58696
Tot cycles: 25871161
cycles per array loc:   2.20383
L1 misses:	100616
fraction of L1 lines missed:	 13.71351
L2 misses:	17686
fraction of L2 lines missed:	  2.41052

Run: data set size=60720
size=60720
Tot cycles: 27159825
cycles per array loc:   2.23648
L1 misses:	104022
fraction of L1 lines missed:	 13.70514
L2 misses:	21177
fraction of L2 lines missed:	  2.79012

Run: data set size=62744
size=62744
Tot cycles: 28341867
cycles per array loc:   2.25853
L1 misses:	111530
fraction of L1 lines missed:	 14.22032
L2 misses:	23942
fraction of L2 lines missed:	  3.05266

Run: data set size=64768
size=64768
Tot cycles: 29937577
cycles per array loc:   2.31114
L1 misses:	123439
fraction of L1 lines missed:	 15.24691
L2 misses:	28052
fraction of L2 lines missed:	  3.46492

Run: data set size=66792
size=66792
Tot cycles: 31831625
cycles per array loc:   2.38289
L1 misses:	128430
fraction of L1 lines missed:	 15.38268
L2 misses:	34772
fraction of L2 lines missed:	  4.16481

Run: data set size=68816
size=68816
Tot cycles: 33148744
cycles per array loc:   2.40851
L1 misses:	126407
fraction of L1 lines missed:	 14.69507
L2 misses:	40492
fraction of L2 lines missed:	  4.70728

Run: data set size=70840
size=70840
Tot cycles: 34537576
cycles per array loc:   2.43772
L1 misses:	124600
fraction of L1 lines missed:	 14.07115
L2 misses:	44582
fraction of L2 lines missed:	  5.03467

Run: data set size=72864
size=72864
Tot cycles: 35713863
cycles per array loc:   2.45072
L1 misses:	124989
fraction of L1 lines missed:	 13.72299
L2 misses:	48471
fraction of L2 lines missed:	  5.32181

Run: data set size=74888
size=74888
Tot cycles: 37384053
cycles per array loc:   2.49600
L1 misses:	134517
fraction of L1 lines missed:	 14.36994
L2 misses:	53612
fraction of L2 lines missed:	  5.72717

Run: data set size=76912
size=76912
Tot cycles: 38889675
cycles per array loc:   2.52819
L1 misses:	133761
fraction of L1 lines missed:	 13.91315
L2 misses:	59422
fraction of L2 lines missed:	  6.18078

Run: data set size=78936
size=78936
Tot cycles: 39974016
cycles per array loc:   2.53205
L1 misses:	135793
fraction of L1 lines missed:	 13.76234
L2 misses:	62042
fraction of L2 lines missed:	  6.28783

Run: data set size=80960
size=80960
Tot cycles: 41407941
cycles per array loc:   2.55731
L1 misses:	131059
fraction of L1 lines missed:	 12.95049
L2 misses:	67477
fraction of L2 lines missed:	  6.66769

Run: data set size=82984
size=82984
Tot cycles: 42531436
cycles per array loc:   2.56263
L1 misses:	133648
fraction of L1 lines missed:	 12.88422
L2 misses:	71019
fraction of L2 lines missed:	  6.84652

Run: data set size=85008
size=85008
Tot cycles: 43830972
cycles per array loc:   2.57805
L1 misses:	122258
fraction of L1 lines missed:	 11.50555
L2 misses:	76033
fraction of L2 lines missed:	  7.15537

Run: data set size=87032
size=87032
Tot cycles: 45105774
cycles per array loc:   2.59133
L1 misses:	120069
fraction of L1 lines missed:	 11.03677
L2 misses:	80176
fraction of L2 lines missed:	  7.36980

Run: data set size=89056
size=89056
Tot cycles: 46479535
cycles per array loc:   2.60957
L1 misses:	111400
fraction of L1 lines missed:	 10.00719
L2 misses:	86193
fraction of L2 lines missed:	  7.74281

Run: data set size=91080
size=91080
Tot cycles: 47556259
cycles per array loc:   2.61069
L1 misses:	111675
fraction of L1 lines missed:	  9.80896
L2 misses:	88721
fraction of L2 lines missed:	  7.79280

Run: data set size=93104
size=93104
Tot cycles: 48457202
cycles per array loc:   2.60232
L1 misses:	113464
fraction of L1 lines missed:	  9.74944
L2 misses:	89961
fraction of L2 lines missed:	  7.72994

Run: data set size=95128
size=95128
Tot cycles: 49563651
cycles per array loc:   2.60510
L1 misses:	115450
fraction of L1 lines missed:	  9.70902
L2 misses:	92055
fraction of L2 lines missed:	  7.74157

Run: data set size=97152
size=97152
Tot cycles: 50635352
cycles per array loc:   2.60599
L1 misses:	119945
fraction of L1 lines missed:	  9.87689
L2 misses:	94245
fraction of L2 lines missed:	  7.76062

Run: data set size=99176
size=99176
Tot cycles: 51708931
cycles per array loc:   2.60693
L1 misses:	121729
fraction of L1 lines missed:	  9.81923
L2 misses:	96117
fraction of L2 lines missed:	  7.75325

Run: data set size=101200
size=101200
Tot cycles: 52743525
cycles per array loc:   2.60591
L1 misses:	127038
fraction of L1 lines missed:	 10.04253
L2 misses:	97754
fraction of L2 lines missed:	  7.72759

Run: data set size=103224
size=103224
Tot cycles: 53872250
cycles per array loc:   2.60948
L1 misses:	129738
fraction of L1 lines missed:	 10.05487
L2 misses:	99882
fraction of L2 lines missed:	  7.74099

Run: data set size=105248
size=105248
Tot cycles: 54870973
cycles per array loc:   2.60675
L1 misses:	133353
fraction of L1 lines missed:	 10.13629
L2 misses:	101608
fraction of L2 lines missed:	  7.72332

Run: data set size=107272
size=107272
Tot cycles: 55858191
cycles per array loc:   2.60358
L1 misses:	135457
fraction of L1 lines missed:	 10.10195
L2 misses:	103551
fraction of L2 lines missed:	  7.72250

Run: data set size=109296
size=109296
Tot cycles: 56959278
cycles per array loc:   2.60573
L1 misses:	131473
fraction of L1 lines missed:	  9.62326
L2 misses:	106408
fraction of L2 lines missed:	  7.78861

Run: data set size=111320
size=111320
Tot cycles: 58101956
cycles per array loc:   2.60968
L1 misses:	130079
fraction of L1 lines missed:	  9.34811
L2 misses:	111073
fraction of L2 lines missed:	  7.98225

Run: data set size=113344
size=113344
Tot cycles: 59333614
cycles per array loc:   2.61741
L1 misses:	118901
fraction of L1 lines missed:	  8.39222
L2 misses:	116200
fraction of L2 lines missed:	  8.20158

Run: data set size=115368
size=115368
Tot cycles: 60452921
cycles per array loc:   2.62000
L1 misses:	121487
fraction of L1 lines missed:	  8.42431
L2 misses:	118803
fraction of L2 lines missed:	  8.23819

Run: data set size=117392
size=117392
Tot cycles: 61636372
cycles per array loc:   2.62524
L1 misses:	122914
fraction of L1 lines missed:	  8.37631
L2 misses:	120693
fraction of L2 lines missed:	  8.22496

Run: data set size=119416
size=119416
Tot cycles: 62742248
cycles per array loc:   2.62705
L1 misses:	124045
fraction of L1 lines missed:	  8.31011
L2 misses:	124034
fraction of L2 lines missed:	  8.30937

Run: data set size=121440
size=121440
Tot cycles: 63785516
cycles per array loc:   2.62622
L1 misses:	125932
fraction of L1 lines missed:	  8.29592
L2 misses:	125929
fraction of L2 lines missed:	  8.29572

Run: data set size=123464
size=123464
Tot cycles: 64793189
cycles per array loc:   2.62397
L1 misses:	127172
fraction of L1 lines missed:	  8.24026
L2 misses:	127164
fraction of L2 lines missed:	  8.23975

Run: data set size=125488
size=125488
Tot cycles: 65891222
cycles per array loc:   2.62540
L1 misses:	130119
fraction of L1 lines missed:	  8.29523
L2 misses:	130112
fraction of L2 lines missed:	  8.29479

Run: data set size=127512
size=127512
Tot cycles: 67011885
cycles per array loc:   2.62767
L1 misses:	132022
fraction of L1 lines missed:	  8.28295
L2 misses:	132029
fraction of L2 lines missed:	  8.28339

Run: data set size=129536
size=129536
Tot cycles: 68018516
cycles per array loc:   2.62547
L1 misses:	133893
fraction of L1 lines missed:	  8.26908
L2 misses:	133888
fraction of L2 lines missed:	  8.26877

Run: data set size=131560
size=131560
Tot cycles: 69089770
cycles per array loc:   2.62579
L1 misses:	135638
fraction of L1 lines missed:	  8.24798
L2 misses:	135629
fraction of L2 lines missed:	  8.24743

Run: data set size=133584
size=133584
Tot cycles: 70415869
cycles per array loc:   2.63564
L1 misses:	141178
fraction of L1 lines missed:	  8.45479
L2 misses:	141171
fraction of L2 lines missed:	  8.45437

Run: data set size=135608
size=135608
Tot cycles: 71278926
cycles per array loc:   2.62812
L1 misses:	140154
fraction of L1 lines missed:	  8.26818
L2 misses:	140146
fraction of L2 lines missed:	  8.26771

Run: data set size=137632
size=137632
Tot cycles: 72238290
cycles per array loc:   2.62433
L1 misses:	141565
fraction of L1 lines missed:	  8.22861
L2 misses:	141559
fraction of L2 lines missed:	  8.22826

Run: data set size=139656
size=139656
Tot cycles: 73213293
cycles per array loc:   2.62120
L1 misses:	144180
fraction of L1 lines missed:	  8.25915
L2 misses:	144170
fraction of L2 lines missed:	  8.25858

Run: data set size=141680
size=141680
Tot cycles: 74332884
cycles per array loc:   2.62327
L1 misses:	146599
fraction of L1 lines missed:	  8.27775
L2 misses:	146590
fraction of L2 lines missed:	  8.27724

Run: data set size=143704
size=143704
Tot cycles: 75471189
cycles per array loc:   2.62593
L1 misses:	148157
fraction of L1 lines missed:	  8.24790
L2 misses:	148149
fraction of L2 lines missed:	  8.24745

Run: data set size=145728
size=145728
Tot cycles: 76517874
cycles per array loc:   2.62537
L1 misses:	150420
fraction of L1 lines missed:	  8.25758
L2 misses:	150415
fraction of L2 lines missed:	  8.25730

Run: data set size=147752
size=147752
Tot cycles: 77683705
cycles per array loc:   2.62885
L1 misses:	152471
fraction of L1 lines missed:	  8.25551
L2 misses:	152464
fraction of L2 lines missed:	  8.25513

Run: data set size=149776
size=149776
Tot cycles: 78643717
cycles per array loc:   2.62538
L1 misses:	154127
fraction of L1 lines missed:	  8.23240
L2 misses:	154119
fraction of L2 lines missed:	  8.23197

Run: data set size=151800
size=151800
Tot cycles: 79716882
cycles per array loc:   2.62572
L1 misses:	156774
fraction of L1 lines missed:	  8.26213
L2 misses:	156763
fraction of L2 lines missed:	  8.26155

Run: data set size=153824
size=153824
Tot cycles: 80754948
cycles per array loc:   2.62491
L1 misses:	158655
fraction of L1 lines missed:	  8.25125
L2 misses:	158643
fraction of L2 lines missed:	  8.25062

Run: data set size=155848
size=155848
Tot cycles: 81801781
cycles per array loc:   2.62441
L1 misses:	160410
fraction of L1 lines missed:	  8.23418
L2 misses:	160402
fraction of L2 lines missed:	  8.23377

Run: data set size=157872
size=157872
Tot cycles: 82882551
cycles per array loc:   2.62499
L1 misses:	163003
fraction of L1 lines missed:	  8.26001
L2 misses:	162994
fraction of L2 lines missed:	  8.25955

Run: data set size=159896
size=159896
Tot cycles: 83934102
cycles per array loc:   2.62465
L1 misses:	165571
fraction of L1 lines missed:	  8.28393
L2 misses:	165561
fraction of L2 lines missed:	  8.28343

Run: data set size=161920
size=161920
Tot cycles: 84988445
cycles per array loc:   2.62440
L1 misses:	167113
fraction of L1 lines missed:	  8.25657
L2 misses:	167102
fraction of L2 lines missed:	  8.25603

Run: data set size=163944
size=163944
Tot cycles: 86166578
cycles per array loc:   2.62793
L1 misses:	169806
fraction of L1 lines missed:	  8.28605
L2 misses:	169796
fraction of L2 lines missed:	  8.28556

Run: data set size=165968
size=165968
Tot cycles: 87297615
cycles per array loc:   2.62995
L1 misses:	172007
fraction of L1 lines missed:	  8.29109
L2 misses:	171998
fraction of L2 lines missed:	  8.29066

Run: data set size=167992
size=167992
Tot cycles: 88252791
cycles per array loc:   2.62670
L1 misses:	173896
fraction of L1 lines missed:	  8.28116
L2 misses:	173886
fraction of L2 lines missed:	  8.28068

Run: data set size=170016
size=170016
Tot cycles: 89428647
cycles per array loc:   2.63001
L1 misses:	178636
fraction of L1 lines missed:	  8.40561
L2 misses:	178626
fraction of L2 lines missed:	  8.40514

Run: data set size=172040
size=172040
Tot cycles: 90357019
cycles per array loc:   2.62605
L1 misses:	177811
fraction of L1 lines missed:	  8.26836
L2 misses:	177820
fraction of L2 lines missed:	  8.26877

Run: data set size=174064
size=174064
Tot cycles: 91451513
cycles per array loc:   2.62695
L1 misses:	180031
fraction of L1 lines missed:	  8.27424
L2 misses:	180024
fraction of L2 lines missed:	  8.27392

Run: data set size=176088
size=176088
Tot cycles: 92436748
cycles per array loc:   2.62473
L1 misses:	181411
fraction of L1 lines missed:	  8.24183
L2 misses:	181401
fraction of L2 lines missed:	  8.24138

Run: data set size=178112
size=178112
Tot cycles: 93423515
cycles per array loc:   2.62261
L1 misses:	183782
fraction of L1 lines missed:	  8.25467
L2 misses:	183774
fraction of L2 lines missed:	  8.25431

Run: data set size=180136
size=180136
Tot cycles: 94453122
cycles per array loc:   2.62172
L1 misses:	185473
fraction of L1 lines missed:	  8.23702
L2 misses:	185462
fraction of L2 lines missed:	  8.23653

Run: data set size=182160
size=182160
Tot cycles: 95533819
cycles per array loc:   2.62225
L1 misses:	187150
fraction of L1 lines missed:	  8.21915
L2 misses:	187144
fraction of L2 lines missed:	  8.21888

Run: data set size=184184
size=184184
Tot cycles: 96651008
cycles per array loc:   2.62376
L1 misses:	190935
fraction of L1 lines missed:	  8.29323
L2 misses:	190927
fraction of L2 lines missed:	  8.29288

Run: data set size=186208
size=186208
Tot cycles: 97920841
cycles per array loc:   2.62934
L1 misses:	195891
fraction of L1 lines missed:	  8.41601
L2 misses:	195881
fraction of L2 lines missed:	  8.41558

Run: data set size=188232
size=188232
Tot cycles: 98911376
cycles per array loc:   2.62738
L1 misses:	194267
fraction of L1 lines missed:	  8.25649
L2 misses:	194257
fraction of L2 lines missed:	  8.25607

Run: data set size=190256
size=190256
Tot cycles: 99899466
cycles per array loc:   2.62540
L1 misses:	196556
fraction of L1 lines missed:	  8.26491
L2 misses:	196554
fraction of L2 lines missed:	  8.26482

Run: data set size=192280
size=192280
Tot cycles: 100964779
cycles per array loc:   2.62546
L1 misses:	198759
fraction of L1 lines missed:	  8.26957
L2 misses:	198750
fraction of L2 lines missed:	  8.26919

Run: data set size=194304
size=194304
Tot cycles: 102026318
cycles per array loc:   2.62543
L1 misses:	200670
fraction of L1 lines missed:	  8.26210
L2 misses:	200662
fraction of L2 lines missed:	  8.26178

Run: data set size=196328
size=196328
Tot cycles: 103041921
cycles per array loc:   2.62423
L1 misses:	202716
fraction of L1 lines missed:	  8.26030
L2 misses:	202703
fraction of L2 lines missed:	  8.25977

Run: data set size=198352
size=198352
Tot cycles: 104128875
cycles per array loc:   2.62485
L1 misses:	204943
fraction of L1 lines missed:	  8.26583
L2 misses:	204935
fraction of L2 lines missed:	  8.26551

TACC: Cleaning up after job: 1183064
TACC: Done.
