This is pdfTeX, Version 3.141592-1.40.3 (Web2C 7.5.6) (format=pdflatex 2009.6.23)  2 JAN 2010 20:46
entering extended mode
**md
(./md.tex
LaTeX2e <2005/12/01>
Babel <v3.8h> and hyphenation patterns for english, usenglishmax, dumylang, noh
yphenation, arabic, basque, bulgarian, coptic, welsh, czech, slovak, german, ng
erman, danish, esperanto, spanish, catalan, galician, estonian, farsi, finnish,
 french, greek, monogreek, ancientgreek, croatian, hungarian, interlingua, ibyc
us, indonesian, icelandic, italian, latin, mongolian, dutch, norsk, polish, por
tuguese, pinyin, romanian, russian, slovenian, uppersorbian, serbian, swedish, 
turkish, ukenglish, ukrainian, loaded.
(/opt/local/share/texmf-dist/tex/latex/base/article.cls
Document Class: article 2005/09/16 v1.4f Standard LaTeX document class
(/opt/local/share/texmf-dist/tex/latex/base/size11.clo
File: size11.clo 2005/09/16 v1.4f Standard LaTeX file (size option)
)
\c@part=\count79
\c@section=\count80
\c@subsection=\count81
\c@subsubsection=\count82
\c@paragraph=\count83
\c@subparagraph=\count84
\c@figure=\count85
\c@table=\count86
\abovecaptionskip=\skip41
\belowcaptionskip=\skip42
\bibindent=\dimen102
)
(/opt/local/share/texmf-dist/tex/latex/pslatex/pslatex.sty
Package: pslatex 1996/07/24 v1.2 pslatex emulation (DPC)
LaTeX Font Info:    Redeclaring symbol font `operators' on input line 65.
LaTeX Font Info:    Overwriting symbol font `operators' in version `normal'
(Font)                  OT1/cmr/m/n --> OT1/ptmcm/m/n on input line 65.
LaTeX Font Info:    Overwriting symbol font `operators' in version `bold'
(Font)                  OT1/cmr/bx/n --> OT1/ptmcm/m/n on input line 65.
LaTeX Font Info:    Redeclaring symbol font `letters' on input line 66.
LaTeX Font Info:    Overwriting symbol font `letters' in version `normal'
(Font)                  OML/cmm/m/it --> OML/ptmcm/m/it on input line 66.
LaTeX Font Info:    Overwriting symbol font `letters' in version `bold'
(Font)                  OML/cmm/b/it --> OML/ptmcm/m/it on input line 66.
LaTeX Font Info:    Redeclaring symbol font `symbols' on input line 67.
LaTeX Font Info:    Overwriting symbol font `symbols' in version `normal'
(Font)                  OMS/cmsy/m/n --> OMS/pzccm/m/n on input line 67.
LaTeX Font Info:    Overwriting symbol font `symbols' in version `bold'
(Font)                  OMS/cmsy/b/n --> OMS/pzccm/m/n on input line 67.
LaTeX Font Info:    Redeclaring symbol font `largesymbols' on input line 68.
LaTeX Font Info:    Overwriting symbol font `largesymbols' in version `normal'
(Font)                  OMX/cmex/m/n --> OMX/psycm/m/n on input line 68.
LaTeX Font Info:    Overwriting symbol font `largesymbols' in version `bold'
(Font)                  OMX/cmex/m/n --> OMX/psycm/m/n on input line 68.
\symbold=\mathgroup4
\symitalic=\mathgroup5
LaTeX Font Info:    Redeclaring math alphabet \mathbf on input line 74.
LaTeX Font Info:    Overwriting math alphabet `\mathbf' in version `normal'
(Font)                  OT1/cmr/bx/n --> OT1/ptm/bx/n on input line 74.
LaTeX Font Info:    Overwriting math alphabet `\mathbf' in version `bold'
(Font)                  OT1/cmr/bx/n --> OT1/ptm/bx/n on input line 74.
LaTeX Font Info:    Redeclaring math alphabet \mathit on input line 75.
LaTeX Font Info:    Overwriting math alphabet `\mathit' in version `normal'
(Font)                  OT1/cmr/m/it --> OT1/ptm/m/it on input line 75.
LaTeX Font Info:    Overwriting math alphabet `\mathit' in version `bold'
(Font)                  OT1/cmr/bx/it --> OT1/ptm/m/it on input line 75.
)
(/opt/local/share/texmf-dist/tex/latex/hyperref/hyperref.sty
Package: hyperref 2007/02/07 v6.75r Hypertext links for LaTeX

(/opt/local/share/texmf-dist/tex/latex/graphics/keyval.sty
Package: keyval 1999/03/16 v1.13 key=value parser (DPC)
\KV@toks@=\toks14
)
\@linkdim=\dimen103
\Hy@linkcounter=\count87
\Hy@pagecounter=\count88

(/opt/local/share/texmf-dist/tex/latex/hyperref/pd1enc.def
File: pd1enc.def 2007/02/07 v6.75r Hyperref: PDFDocEncoding definition (HO)
)
(/opt/local/share/texmf/tex/latex/config/hyperref.cfg
File: hyperref.cfg 2002/06/06 v1.2 hyperref configuration of TeXLive
)
(/opt/local/share/texmf-dist/tex/latex/oberdiek/kvoptions.sty
Package: kvoptions 2006/08/22 v2.4 Connects package keyval with LaTeX options (
HO)
)
Package hyperref Info: Hyper figures OFF on input line 2288.
Package hyperref Info: Link nesting OFF on input line 2293.
Package hyperref Info: Hyper index ON on input line 2296.
Package hyperref Info: Plain pages OFF on input line 2303.
Package hyperref Info: Backreferencing OFF on input line 2308.

Implicit mode ON; LaTeX internals redefined
Package hyperref Info: Bookmarks ON on input line 2444.
(/opt/local/share/texmf-dist/tex/latex/ltxmisc/url.sty
\Urlmuskip=\muskip10
Package: url 2005/06/27  ver 3.2  Verb mode for urls, etc.
)
LaTeX Info: Redefining \url on input line 2599.
\Fld@menulength=\count89
\Field@Width=\dimen104
\Fld@charsize=\dimen105
\Choice@toks=\toks15
\Field@toks=\toks16
Package hyperref Info: Hyper figures OFF on input line 3102.
Package hyperref Info: Link nesting OFF on input line 3107.
Package hyperref Info: Hyper index ON on input line 3110.
Package hyperref Info: backreferencing OFF on input line 3117.
Package hyperref Info: Link coloring OFF on input line 3122.
\Hy@abspage=\count90
\c@Item=\count91
\c@Hfootnote=\count92
)
*hyperref using default driver hpdftex*
(/opt/local/share/texmf-dist/tex/latex/hyperref/hpdftex.def
File: hpdftex.def 2007/02/07 v6.75r Hyperref driver for pdfTeX
\Fld@listcount=\count93
)
(/opt/local/share/texmf-dist/tex/latex/graphics/graphicx.sty
Package: graphicx 1999/02/16 v1.0f Enhanced LaTeX Graphics (DPC,SPQR)

(/opt/local/share/texmf-dist/tex/latex/graphics/graphics.sty
Package: graphics 2006/02/20 v1.0o Standard LaTeX Graphics (DPC,SPQR)

(/opt/local/share/texmf-dist/tex/latex/graphics/trig.sty
Package: trig 1999/03/16 v1.09 sin cos tan (DPC)
)
(/opt/local/share/texmf/tex/latex/config/graphics.cfg
File: graphics.cfg 2007/01/18 v1.5 graphics configuration of teTeX/TeXLive
)
Package graphics Info: Driver file: pdftex.def on input line 90.

(/opt/local/share/texmf-dist/tex/latex/pdftex-def/pdftex.def
File: pdftex.def 2007/01/08 v0.04d Graphics/color for pdfTeX
\Gread@gobject=\count94
))
\Gin@req@height=\dimen106
\Gin@req@width=\dimen107
)
(./subfigure.sty
Package: subfigure 2002/03/15 v2.1.5 subfigure package
\subfigtopskip=\skip43
\subfigcapskip=\skip44
\subfigcaptopadj=\dimen108
\subfigbottomskip=\skip45
\subfigcapmargin=\dimen109
\subfiglabelskip=\skip46
\c@subfigure=\count95
\c@lofdepth=\count96
\c@subtable=\count97
\c@lotdepth=\count98

****************************************
* Local config file subfigure.cfg used *
****************************************
(/opt/local/share/texmf-dist/tex/latex/subfigure/subfigure.cfg)
\subfig@top=\skip47
\subfig@bottom=\skip48
)
(./algorithmic.sty
Package: algorithmic 2009/08/24 v0.1 Document Style `algorithmic'
 (/opt/local/share/texmf-dist/tex/latex/base/ifthen.sty
Package: ifthen 2001/05/26 v1.1c Standard LaTeX ifthen package (DPC)
)
\c@ALC@unique=\count99
\c@ALC@line=\count100
\c@ALC@rem=\count101
\c@ALC@depth=\count102
\ALC@tlm=\skip49
\algorithmicindent=\skip50
)
(./algorithm.sty
Package: algorithm 2009/08/24 v0.1 Document Style `algorithm' - floating enviro
nment
 (./float.sty
Package: float 2001/11/08 v1.3d Float enhancements (AL)
\c@float@type=\count103
\float@exts=\toks17
\float@box=\box26
\@float@everytoks=\toks18
\@floatcapt=\box27
)
\@float@every@algorithm=\toks19
\c@algorithm=\count104
) (./md.aux)
\openout1 = `md.aux'.

LaTeX Font Info:    Checking defaults for OML/cmm/m/it on input line 19.
LaTeX Font Info:    ... okay on input line 19.
LaTeX Font Info:    Checking defaults for T1/cmr/m/n on input line 19.
LaTeX Font Info:    ... okay on input line 19.
LaTeX Font Info:    Checking defaults for OT1/cmr/m/n on input line 19.
LaTeX Font Info:    ... okay on input line 19.
LaTeX Font Info:    Checking defaults for OMS/pzccm/m/n on input line 19.
LaTeX Font Info:    Try loading font information for OMS+pzccm on input line 19
.

(/opt/local/share/texmf-dist/tex/latex/psnfss/omspzccm.fd
File: omspzccm.fd 2000/01/03 Fontinst v1.801 font definitions for OMS/pzccm.
)
LaTeX Font Info:    ... okay on input line 19.
LaTeX Font Info:    Checking defaults for OMX/cmex/m/n on input line 19.
LaTeX Font Info:    ... okay on input line 19.
LaTeX Font Info:    Checking defaults for U/cmr/m/n on input line 19.
LaTeX Font Info:    ... okay on input line 19.
LaTeX Font Info:    Checking defaults for PD1/pdf/m/n on input line 19.
LaTeX Font Info:    ... okay on input line 19.
Package hyperref Info: Link coloring OFF on input line 19.

(/opt/local/share/texmf-dist/tex/latex/hyperref/nameref.sty
Package: nameref 2006/12/27 v2.28 Cross-referencing by name of section

(/opt/local/share/texmf-dist/tex/latex/oberdiek/refcount.sty
Package: refcount 2006/02/20 v3.0 Data extraction from references (HO)
)
\c@section@level=\count105
)
LaTeX Info: Redefining \ref on input line 19.
LaTeX Info: Redefining \pageref on input line 19.
 (./md.out)
(./md.out)
\@outlinefile=\write3
\openout3 = `md.out'.

 (/opt/local/share/texmf-dist/tex/context/base/supp-pdf.tex
[Loading MPS to PDF converter (version 2006.09.02).]
\scratchcounter=\count106
\scratchdimen=\dimen110
\scratchbox=\box28
\nofMPsegments=\count107
\nofMParguments=\count108
\MPscratchCnt=\count109
\MPscratchDim=\dimen111
\MPnumerator=\count110
\everyMPtoPDFconversion=\toks20
)
LaTeX Font Info:    Try loading font information for OT1+ptmcm on input line 21
.
 (/opt/local/share/texmf-dist/tex/latex/psnfss/ot1ptmcm.fd
File: ot1ptmcm.fd 2000/01/03 Fontinst v1.801 font definitions for OT1/ptmcm.
)
LaTeX Font Info:    Try loading font information for OML+ptmcm on input line 21
.

(/opt/local/share/texmf-dist/tex/latex/psnfss/omlptmcm.fd
File: omlptmcm.fd 2000/01/03 Fontinst v1.801 font definitions for OML/ptmcm.
)
LaTeX Font Info:    Try loading font information for OMX+psycm on input line 21
.

(/opt/local/share/texmf-dist/tex/latex/psnfss/omxpsycm.fd
File: omxpsycm.fd 2000/01/03 Fontinst v1.801 font definitions for OMX/psycm.
)
LaTeX Font Info:    Font shape `OT1/ptm/bx/n' in size <12> not available
(Font)              Font shape `OT1/ptm/b/n' tried instead on input line 21.
LaTeX Font Info:    Font shape `OT1/ptm/bx/n' in size <9> not available
(Font)              Font shape `OT1/ptm/b/n' tried instead on input line 21.
LaTeX Font Info:    Font shape `OT1/ptm/bx/n' in size <7> not available
(Font)              Font shape `OT1/ptm/b/n' tried instead on input line 21.


LaTeX Warning: No \author given.

LaTeX Font Info:    Font shape `OT1/ptm/bx/n' in size <10.95> not available
(Font)              Font shape `OT1/ptm/b/n' tried instead on input line 36.
LaTeX Font Info:    Font shape `OT1/ptm/bx/n' in size <8> not available
(Font)              Font shape `OT1/ptm/b/n' tried instead on input line 36.
LaTeX Font Info:    Font shape `OT1/ptm/bx/n' in size <6> not available
(Font)              Font shape `OT1/ptm/b/n' tried instead on input line 36.

Overfull \hbox (17.18094pt too wide) in paragraph at lines 44--45
[]\OT1/ptm/m/n/10.95 A molec-u-lar dy-nam-ics time step is thus com-posed of tw
o parts:                                                      
 []

LaTeX Font Info:    Font shape `OT1/ptm/bx/n' in size <14.4> not available
(Font)              Font shape `OT1/ptm/b/n' tried instead on input line 75.
[1

{/opt/local/share/texmf/fonts/map/pdftex/updmap/pdftex.map}] [2]
<fig-nb-cell.pdf, id=80, 796.9775pt x 597.23125pt>
File: fig-nb-cell.pdf Graphic file (type pdf)
 <use fig-nb-cell.pdf>
<fig-nb-verlet.pdf, id=82, 796.9775pt x 597.23125pt>
File: fig-nb-verlet.pdf Graphic file (type pdf)
 <use fig-nb-verlet.pdf>
[3pdfTeX warning (ext4): destination with the same identifier (name{figure.1}) 
has been already used, duplicate ignored
<to be read again> 
                   \endgroup \set@typeset@protect 
l.202 
       <./fig-nb-cell.pdf

pdfTeX warning: pdflatex (file ./fig-nb-cell.pdf): PDF inclusion: Page Group de
tected which pdfTeX can't handle. Ignoring it.
> <./fig-nb-verlet.pdf

pdfTeX warning: pdflatex (file ./fig-nb-verlet.pdf): PDF inclusion: Page Group 
detected which pdfTeX can't handle. Ignoring it.
>] [4] <fig-atom1.pdf, id=131, 614.295pt x 794.97pt>
File: fig-atom1.pdf Graphic file (type pdf)
 <use fig-atom1.pdf>
<fig-atom2.pdf, id=133, 614.295pt x 794.97pt>
File: fig-atom2.pdf Graphic file (type pdf)
 <use fig-atom2.pdf> [5]
Package hyperref Info: bookmark level for unknown algorithm defaults to 0 on in
put line 350.
 [6pdfTeX warning (ext4): destination with the same identifier (name{figure.2})
 has been already used, duplicate ignored
<to be read again> 
                   \endgroup \set@typeset@protect 
l.390 
       <./fig-atom1.pdf> <./fig-atom2.pdf>]
<fig-force1.pdf, id=169, 614.295pt x 794.97pt>
File: fig-force1.pdf Graphic file (type pdf)
 <use fig-force1.pdf>
<fig-force1sym.pdf, id=171, 614.295pt x 794.97pt>
File: fig-force1sym.pdf Graphic file (type pdf)
 <use fig-force1sym.pdf>
[7] [8pdfTeX warning (ext4): destination with the same identifier (name{figure.
3}) has been already used, duplicate ignored
<to be read again> 
                   \endgroup \set@typeset@protect 
l.473 A
        modification to the force decomposition saves some communication. <./fi
g-force1.pdf> <./fig-force1sym.pdf>]
<fig-force2.pdf, id=209, 614.295pt x 794.97pt>
File: fig-force2.pdf Graphic file (type pdf)
 <use fig-force2.pdf>
<fig-force2sym.pdf, id=211, 614.295pt x 794.97pt>
File: fig-force2sym.pdf Graphic file (type pdf)
 <use fig-force2sym.pdf>
[9pdfTeX warning (ext4): destination with the same identifier (name{figure.4}) 
has been already used, duplicate ignored
<to be read again> 
                   \endgroup \set@typeset@protect 
l.527 
       <./fig-force2.pdf> <./fig-force2sym.pdf>]
<fig-spatial1.pdf, id=237, 796.9775pt x 597.23125pt>
File: fig-spatial1.pdf Graphic file (type pdf)
 <use fig-spatial1.pdf>
<fig-spatial2.pdf, id=239, 796.9775pt x 597.23125pt>
File: fig-spatial2.pdf Graphic file (type pdf)
 <use fig-spatial2.pdf>
[10pdfTeX warning (ext4): destination with the same identifier (name{figure.5})
 has been already used, duplicate ignored
<to be read again> 
                   \endgroup \set@typeset@protect 
l.567 I
       n the implementation of a spatial decomposition method, each cell is <./
fig-spatial1.pdf

pdfTeX warning: pdflatex (file ./fig-spatial1.pdf): PDF inclusion: Page Group d
etected which pdfTeX can't handle. Ignoring it.
> <./fig-spatial2.pdf

pdfTeX warning: pdflatex (file ./fig-spatial2.pdf): PDF inclusion: Page Group d
etected which pdfTeX can't handle. Ignoring it.
>] <fig-ntmethod.pdf, id=277, 796.9775pt x 597.23125pt>
File: fig-ntmethod.pdf Graphic file (type pdf)
 <use fig-ntmethod.pdf>
[11pdfTeX warning (ext4): destination with the same identifier (name{figure.6})
 has been already used, duplicate ignored
<to be read again> 
                   \endgroup \set@typeset@protect 
l.633 
       <./fig-ntmethod.pdf

pdfTeX warning: pdflatex (file ./fig-ntmethod.pdf): PDF inclusion: Page Group d
etected which pdfTeX can't handle. Ignoring it.
>] [12] <fig-fft-first.pdf, id=318, 796.9775pt x 597.23125pt>
File: fig-fft-first.pdf Graphic file (type pdf)

<use fig-fft-first.pdf> <fig-fft-second.pdf, id=320, 796.9775pt x 597.23125pt>
File: fig-fft-second.pdf Graphic file (type pdf)

<use fig-fft-second.pdf> <fig-fft-third.pdf, id=322, 796.9775pt x 597.23125pt>
File: fig-fft-third.pdf Graphic file (type pdf)

<use fig-fft-third.pdf> [13pdfTeX warning (ext4): destination with the same ide
ntifier (name{figure.7}) has been already used, duplicate ignored
<to be read again> 
                   \endgroup \set@typeset@protect 
l.747 
       <./fig-fft-first.pdf

pdfTeX warning: pdflatex (file ./fig-fft-first.pdf): PDF inclusion: Page Group 
detected which pdfTeX can't handle. Ignoring it.
>] [14pdfTeX warning (ext4): destination with the same identifier (name{figure.
8}) has been already used, duplicate ignored
<to be read again> 
                   \endgroup \set@typeset@protect 
l.772 
       <./fig-fft-second.pdf

pdfTeX warning: pdflatex (file ./fig-fft-second.pdf): PDF inclusion: Page Group
 detected which pdfTeX can't handle. Ignoring it.
> <./fig-fft-third.pdf

pdfTeX warning: pdflatex (file ./fig-fft-third.pdf): PDF inclusion: Page Group 
detected which pdfTeX can't handle. Ignoring it.
>] <fig-fft1.pdf, id=380, 796.9775pt x 597.23125pt>
File: fig-fft1.pdf Graphic file (type pdf)
 <use fig-fft1.pdf>
<fig-fft2.pdf, id=382, 796.9775pt x 597.23125pt>
File: fig-fft2.pdf Graphic file (type pdf)
 <use fig-fft2.pdf>
<fig-fft3.pdf, id=384, 796.9775pt x 597.23125pt>
File: fig-fft3.pdf Graphic file (type pdf)
 <use fig-fft3.pdf> [15pdfTeX warning (ext4): destination with the same identif
ier (name{figure.9}) has been already used, duplicate ignored
<to be read again> 
                   \endgroup \set@typeset@protect 
l.821 \[
         <./fig-fft1.pdf

pdfTeX warning: pdflatex (file ./fig-fft1.pdf): PDF inclusion: Page Group detec
ted which pdfTeX can't handle. Ignoring it.
> <./fig-fft2.pdf

pdfTeX warning: pdflatex (file ./fig-fft2.pdf): PDF inclusion: Page Group detec
ted which pdfTeX can't handle. Ignoring it.
> <./fig-fft3.pdf

pdfTeX warning: pdflatex (file ./fig-fft3.pdf): PDF inclusion: Page Group detec
ted which pdfTeX can't handle. Ignoring it.
>] <fig-integ1.pdf, id=420, 614.295pt x 794.97pt>
File: fig-integ1.pdf Graphic file (type pdf)
 <use fig-integ1.pdf>
<fig-integ2.pdf, id=422, 614.295pt x 794.97pt>
File: fig-integ2.pdf Graphic file (type pdf)
 <use fig-integ2.pdf>
<fig-integ3.pdf, id=424, 614.295pt x 794.97pt>
File: fig-integ3.pdf Graphic file (type pdf)
 <use fig-integ3.pdf> [16pdfTeX warning (ext4): destination with the same ident
ifier (name{figure.10}) has been already used, duplicate ignored
<to be read again> 
                   \endgroup \set@typeset@protect 
l.883 \]
         <./fig-integ1.pdf> <./fig-integ2.pdf> <./fig-integ3.pdf>] [17]
(./md.aux) ) 
Here is how much of TeX's memory you used:
 3684 strings out of 94073
 50538 string characters out of 1164797
 102764 words of memory out of 1500000
 6805 multiletter control sequences out of 10000+50000
 38704 words of font info for 79 fonts, out of 1200000 for 2000
 645 hyphenation exceptions out of 8191
 26i,8n,36p,421b,370s stack positions out of 5000i,500n,6000p,200000b,5000s
{/opt/local/share/texmf-dist/fonts/enc/dvips/base/8r.enc}</opt/loca
l/share/texmf-dist/fonts/type1/bluesky/cm/cmex10.pfb></opt/local/share/texmf-di
st/fonts/type1/bluesky/cm/cmmi10.pfb></opt/local/share/texmf-dist/fonts/type1/b
luesky/cm/cmr10.pfb></opt/local/share/texmf-dist/fonts/type1/bluesky/cm/cmsy10.
pfb></opt/local/share/texmf-dist/fonts/type1/urw/symbol/usyr.pfb></opt/local/sh
are/texmf-dist/fonts/type1/urw/times/utmb8a.pfb></opt/local/share/texmf-dist/fo
nts/type1/urw/times/utmr8a.pfb></opt/local/share/texmf-dist/fonts/type1/urw/tim
es/utmri8a.pfb>
Output written on md.pdf (17 pages, 315835 bytes).
PDF statistics:
 507 PDF objects out of 1000 (max. 8388607)
 110 named destinations out of 1000 (max. 131072)
 341 words of extra memory for PDF output out of 10000 (max. 10000000)

